{"/Users/sarahfarnsworth-kumli/Desktop/cams/cams-app-client/src/App.js": {"path":"/Users/sarahfarnsworth-kumli/Desktop/cams/cams-app-client/src/App.js","statementMap":{"0":{"start":{"line":6,"column":12},"end":{"line":13,"column":1}},"1":{"start":{"line":7,"column":2},"end":{"line":12,"column":8}}},"fnMap":{"0":{"name":"(anonymous_0)","decl":{"start":{"line":6,"column":12},"end":{"line":6,"column":13}},"loc":{"start":{"line":7,"column":2},"end":{"line":12,"column":8}},"line":7}},"branchMap":{},"s":{"0":1,"1":2},"f":{"0":2},"b":{},"_coverageSchema":"332fd63041d2c1bcb487cc26dd0d5f7d97098a6c","hash":"388eebd94b4745efac3c772306048f2ca56eb493"}
,"/Users/sarahfarnsworth-kumli/Desktop/cams/cams-app-client/src/AssessmentsDashboard.js": {"path":"/Users/sarahfarnsworth-kumli/Desktop/cams/cams-app-client/src/AssessmentsDashboard.js","statementMap":{"0":{"start":{"line":7,"column":4},"end":{"line":7,"column":16}},"1":{"start":{"line":8,"column":4},"end":{"line":12,"column":5}},"2":{"start":{"line":16,"column":4},"end":{"line":19,"column":8}},"3":{"start":{"line":18,"column":8},"end":{"line":18,"column":74}},"4":{"start":{"line":23,"column":4},"end":{"line":28,"column":5}},"5":{"start":{"line":24,"column":6},"end":{"line":24,"column":35}},"6":{"start":{"line":26,"column":9},"end":{"line":28,"column":5}},"7":{"start":{"line":27,"column":6},"end":{"line":27,"column":41}},"8":{"start":{"line":32,"column":4},"end":{"line":35,"column":6}},"9":{"start":{"line":34,"column":6},"end":{"line":34,"column":55}},"10":{"start":{"line":39,"column":22},"end":{"line":66,"column":6}},"11":{"start":{"line":40,"column":22},"end":{"line":45,"column":30}},"12":{"start":{"line":46,"column":22},"end":{"line":48,"column":23}},"13":{"start":{"line":50,"column":15},"end":{"line":50,"column":195}},"14":{"start":{"line":52,"column":6},"end":{"line":65,"column":7}},"15":{"start":{"line":67,"column":4},"end":{"line":80,"column":5}}},"fnMap":{"0":{"name":"(anonymous_0)","decl":{"start":{"line":6,"column":2},"end":{"line":6,"column":3}},"loc":{"start":{"line":6,"column":21},"end":{"line":13,"column":3}},"line":6},"1":{"name":"(anonymous_1)","decl":{"start":{"line":15,"column":2},"end":{"line":15,"column":3}},"loc":{"start":{"line":15,"column":18},"end":{"line":20,"column":3}},"line":15},"2":{"name":"(anonymous_2)","decl":{"start":{"line":17,"column":12},"end":{"line":17,"column":13}},"loc":{"start":{"line":17,"column":24},"end":{"line":19,"column":7}},"line":17},"3":{"name":"(anonymous_3)","decl":{"start":{"line":22,"column":2},"end":{"line":22,"column":3}},"loc":{"start":{"line":22,"column":32},"end":{"line":29,"column":3}},"line":22},"4":{"name":"(anonymous_4)","decl":{"start":{"line":31,"column":2},"end":{"line":31,"column":3}},"loc":{"start":{"line":31,"column":23},"end":{"line":36,"column":3}},"line":31},"5":{"name":"(anonymous_5)","decl":{"start":{"line":33,"column":10},"end":{"line":33,"column":11}},"loc":{"start":{"line":33,"column":22},"end":{"line":35,"column":5}},"line":33},"6":{"name":"(anonymous_6)","decl":{"start":{"line":38,"column":2},"end":{"line":38,"column":3}},"loc":{"start":{"line":38,"column":11},"end":{"line":81,"column":3}},"line":38},"7":{"name":"(anonymous_7)","decl":{"start":{"line":39,"column":55},"end":{"line":39,"column":56}},"loc":{"start":{"line":39,"column":74},"end":{"line":66,"column":5}},"line":39}},"branchMap":{"0":{"loc":{"start":{"line":23,"column":4},"end":{"line":28,"column":5}},"type":"if","locations":[{"start":{"line":23,"column":4},"end":{"line":28,"column":5}},{"start":{"line":23,"column":4},"end":{"line":28,"column":5}}],"line":23},"1":{"loc":{"start":{"line":23,"column":8},"end":{"line":23,"column":84}},"type":"binary-expr","locations":[{"start":{"line":23,"column":8},"end":{"line":23,"column":40}},{"start":{"line":23,"column":44},"end":{"line":23,"column":84}}],"line":23},"2":{"loc":{"start":{"line":26,"column":9},"end":{"line":28,"column":5}},"type":"if","locations":[{"start":{"line":26,"column":9},"end":{"line":28,"column":5}},{"start":{"line":26,"column":9},"end":{"line":28,"column":5}}],"line":26},"3":{"loc":{"start":{"line":40,"column":22},"end":{"line":45,"column":30}},"type":"cond-expr","locations":[{"start":{"line":41,"column":8},"end":{"line":44,"column":14}},{"start":{"line":45,"column":8},"end":{"line":45,"column":30}}],"line":40},"4":{"loc":{"start":{"line":46,"column":22},"end":{"line":48,"column":23}},"type":"cond-expr","locations":[{"start":{"line":47,"column":8},"end":{"line":47,"column":18}},{"start":{"line":48,"column":8},"end":{"line":48,"column":23}}],"line":46},"5":{"loc":{"start":{"line":50,"column":15},"end":{"line":50,"column":195}},"type":"cond-expr","locations":[{"start":{"line":50,"column":63},"end":{"line":50,"column":188}},{"start":{"line":50,"column":191},"end":{"line":50,"column":195}}],"line":50}},"s":{"0":0,"1":0,"2":0,"3":0,"4":0,"5":0,"6":0,"7":0,"8":0,"9":0,"10":0,"11":0,"12":0,"13":0,"14":0,"15":0},"f":{"0":0,"1":0,"2":0,"3":0,"4":0,"5":0,"6":0,"7":0},"b":{"0":[0,0],"1":[0,0],"2":[0,0],"3":[0,0],"4":[0,0],"5":[0,0]},"_coverageSchema":"332fd63041d2c1bcb487cc26dd0d5f7d97098a6c","hash":"1d9880e0c66ce4eb538345f8fd9d4cd2056c8a15"}
,"/Users/sarahfarnsworth-kumli/Desktop/cams/cams-app-client/src/Dashboard.js": {"path":"/Users/sarahfarnsworth-kumli/Desktop/cams/cams-app-client/src/Dashboard.js","statementMap":{"0":{"start":{"line":7,"column":14},"end":{"line":11,"column":1}},"1":{"start":{"line":8,"column":2},"end":{"line":10,"column":8}},"2":{"start":{"line":15,"column":4},"end":{"line":15,"column":17}},"3":{"start":{"line":16,"column":4},"end":{"line":23,"column":6}},"4":{"start":{"line":24,"column":4},"end":{"line":24,"column":57}},"5":{"start":{"line":25,"column":4},"end":{"line":25,"column":53}},"6":{"start":{"line":26,"column":4},"end":{"line":26,"column":53}},"7":{"start":{"line":30,"column":4},"end":{"line":30,"column":37}},"8":{"start":{"line":31,"column":4},"end":{"line":31,"column":26}},"9":{"start":{"line":32,"column":4},"end":{"line":69,"column":9}},"10":{"start":{"line":41,"column":8},"end":{"line":49,"column":9}},"11":{"start":{"line":52,"column":8},"end":{"line":59,"column":9}},"12":{"start":{"line":62,"column":8},"end":{"line":68,"column":11}},"13":{"start":{"line":73,"column":4},"end":{"line":75,"column":7}},"14":{"start":{"line":79,"column":4},"end":{"line":79,"column":23}},"15":{"start":{"line":80,"column":4},"end":{"line":80,"column":28}},"16":{"start":{"line":84,"column":4},"end":{"line":84,"column":80}},"17":{"start":{"line":88,"column":4},"end":{"line":93,"column":5}},"18":{"start":{"line":92,"column":6},"end":{"line":92,"column":77}},"19":{"start":{"line":97,"column":4},"end":{"line":101,"column":9}},"20":{"start":{"line":100,"column":8},"end":{"line":100,"column":56}},"21":{"start":{"line":104,"column":25},"end":{"line":109,"column":12}},"22":{"start":{"line":111,"column":25},"end":{"line":116,"column":12}},"23":{"start":{"line":118,"column":20},"end":{"line":173,"column":6}},"24":{"start":{"line":120,"column":8},"end":{"line":150,"column":16}},"25":{"start":{"line":153,"column":8},"end":{"line":153,"column":76}},"26":{"start":{"line":155,"column":6},"end":{"line":172,"column":8}},"27":{"start":{"line":164,"column":12},"end":{"line":168,"column":14}},"28":{"start":{"line":174,"column":4},"end":{"line":185,"column":6}}},"fnMap":{"0":{"name":"(anonymous_0)","decl":{"start":{"line":7,"column":14},"end":{"line":7,"column":15}},"loc":{"start":{"line":8,"column":2},"end":{"line":10,"column":8}},"line":8},"1":{"name":"(anonymous_1)","decl":{"start":{"line":14,"column":2},"end":{"line":14,"column":3}},"loc":{"start":{"line":14,"column":21},"end":{"line":27,"column":3}},"line":14},"2":{"name":"(anonymous_2)","decl":{"start":{"line":29,"column":2},"end":{"line":29,"column":3}},"loc":{"start":{"line":29,"column":19},"end":{"line":70,"column":3}},"line":29},"3":{"name":"(anonymous_3)","decl":{"start":{"line":40,"column":12},"end":{"line":40,"column":13}},"loc":{"start":{"line":41,"column":8},"end":{"line":49,"column":9}},"line":41},"4":{"name":"(anonymous_4)","decl":{"start":{"line":51,"column":12},"end":{"line":51,"column":13}},"loc":{"start":{"line":52,"column":8},"end":{"line":59,"column":9}},"line":52},"5":{"name":"(anonymous_5)","decl":{"start":{"line":61,"column":12},"end":{"line":61,"column":13}},"loc":{"start":{"line":61,"column":24},"end":{"line":69,"column":7}},"line":61},"6":{"name":"(anonymous_6)","decl":{"start":{"line":72,"column":2},"end":{"line":72,"column":3}},"loc":{"start":{"line":72,"column":18},"end":{"line":76,"column":3}},"line":72},"7":{"name":"(anonymous_7)","decl":{"start":{"line":78,"column":2},"end":{"line":78,"column":3}},"loc":{"start":{"line":78,"column":18},"end":{"line":81,"column":3}},"line":78},"8":{"name":"(anonymous_8)","decl":{"start":{"line":83,"column":2},"end":{"line":83,"column":3}},"loc":{"start":{"line":83,"column":19},"end":{"line":85,"column":3}},"line":83},"9":{"name":"(anonymous_9)","decl":{"start":{"line":87,"column":2},"end":{"line":87,"column":3}},"loc":{"start":{"line":87,"column":44},"end":{"line":94,"column":3}},"line":87},"10":{"name":"(anonymous_10)","decl":{"start":{"line":96,"column":2},"end":{"line":96,"column":3}},"loc":{"start":{"line":96,"column":23},"end":{"line":102,"column":3}},"line":96},"11":{"name":"(anonymous_11)","decl":{"start":{"line":99,"column":12},"end":{"line":99,"column":13}},"loc":{"start":{"line":99,"column":24},"end":{"line":101,"column":7}},"line":99},"12":{"name":"(anonymous_12)","decl":{"start":{"line":103,"column":2},"end":{"line":103,"column":3}},"loc":{"start":{"line":103,"column":11},"end":{"line":186,"column":3}},"line":103},"13":{"name":"(anonymous_13)","decl":{"start":{"line":118,"column":49},"end":{"line":118,"column":50}},"loc":{"start":{"line":118,"column":66},"end":{"line":173,"column":5}},"line":118},"14":{"name":"(anonymous_14)","decl":{"start":{"line":163,"column":31},"end":{"line":163,"column":32}},"loc":{"start":{"line":163,"column":47},"end":{"line":169,"column":11}},"line":163}},"branchMap":{"0":{"loc":{"start":{"line":88,"column":4},"end":{"line":93,"column":5}},"type":"if","locations":[{"start":{"line":88,"column":4},"end":{"line":93,"column":5}},{"start":{"line":88,"column":4},"end":{"line":93,"column":5}}],"line":88},"1":{"loc":{"start":{"line":89,"column":6},"end":{"line":90,"column":43}},"type":"binary-expr","locations":[{"start":{"line":89,"column":6},"end":{"line":89,"column":36}},{"start":{"line":90,"column":6},"end":{"line":90,"column":43}}],"line":89},"2":{"loc":{"start":{"line":104,"column":25},"end":{"line":109,"column":12}},"type":"cond-expr","locations":[{"start":{"line":105,"column":6},"end":{"line":108,"column":12}},{"start":{"line":109,"column":8},"end":{"line":109,"column":12}}],"line":104},"3":{"loc":{"start":{"line":111,"column":25},"end":{"line":116,"column":12}},"type":"cond-expr","locations":[{"start":{"line":112,"column":6},"end":{"line":115,"column":12}},{"start":{"line":116,"column":8},"end":{"line":116,"column":12}}],"line":111},"4":{"loc":{"start":{"line":120,"column":8},"end":{"line":150,"column":16}},"type":"cond-expr","locations":[{"start":{"line":121,"column":10},"end":{"line":149,"column":16}},{"start":{"line":150,"column":12},"end":{"line":150,"column":16}}],"line":120},"5":{"loc":{"start":{"line":153,"column":8},"end":{"line":153,"column":76}},"type":"cond-expr","locations":[{"start":{"line":153,"column":48},"end":{"line":153,"column":58}},{"start":{"line":153,"column":61},"end":{"line":153,"column":76}}],"line":153}},"s":{"0":1,"1":0,"2":0,"3":0,"4":0,"5":0,"6":0,"7":0,"8":0,"9":0,"10":0,"11":0,"12":0,"13":0,"14":0,"15":0,"16":0,"17":0,"18":0,"19":0,"20":0,"21":0,"22":0,"23":0,"24":0,"25":0,"26":0,"27":0,"28":0},"f":{"0":0,"1":0,"2":0,"3":0,"4":0,"5":0,"6":0,"7":0,"8":0,"9":0,"10":0,"11":0,"12":0,"13":0,"14":0},"b":{"0":[0,0],"1":[0,0],"2":[0,0],"3":[0,0],"4":[0,0],"5":[0,0]},"_coverageSchema":"332fd63041d2c1bcb487cc26dd0d5f7d97098a6c","hash":"ff9efccc8c7bc26d6784571b6905150bd91651cb"}
,"/Users/sarahfarnsworth-kumli/Desktop/cams/cams-app-client/src/DoctorRegisterForm.js": {"path":"/Users/sarahfarnsworth-kumli/Desktop/cams/cams-app-client/src/DoctorRegisterForm.js","statementMap":{"0":{"start":{"line":7,"column":4},"end":{"line":7,"column":17}},"1":{"start":{"line":8,"column":4},"end":{"line":13,"column":6}},"2":{"start":{"line":14,"column":4},"end":{"line":14,"column":53}},"3":{"start":{"line":15,"column":4},"end":{"line":15,"column":53}},"4":{"start":{"line":19,"column":16},"end":{"line":19,"column":56}},"5":{"start":{"line":20,"column":4},"end":{"line":32,"column":9}},"6":{"start":{"line":25,"column":8},"end":{"line":28,"column":10}},"7":{"start":{"line":31,"column":8},"end":{"line":31,"column":37}},"8":{"start":{"line":36,"column":16},"end":{"line":36,"column":56}},"9":{"start":{"line":37,"column":4},"end":{"line":55,"column":9}},"10":{"start":{"line":44,"column":8},"end":{"line":46,"column":11}},"11":{"start":{"line":47,"column":8},"end":{"line":49,"column":17}},"12":{"start":{"line":48,"column":10},"end":{"line":48,"column":44}},"13":{"start":{"line":52,"column":8},"end":{"line":54,"column":11}},"14":{"start":{"line":56,"column":4},"end":{"line":58,"column":7}},"15":{"start":{"line":62,"column":4},"end":{"line":64,"column":7}},"16":{"start":{"line":68,"column":4},"end":{"line":68,"column":23}},"17":{"start":{"line":69,"column":4},"end":{"line":74,"column":5}},"18":{"start":{"line":70,"column":6},"end":{"line":72,"column":9}},"19":{"start":{"line":73,"column":6},"end":{"line":73,"column":13}},"20":{"start":{"line":75,"column":4},"end":{"line":75,"column":38}},"21":{"start":{"line":76,"column":4},"end":{"line":79,"column":7}},"22":{"start":{"line":83,"column":23},"end":{"line":83,"column":51}},"23":{"start":{"line":85,"column":6},"end":{"line":106,"column":12}},"24":{"start":{"line":108,"column":4},"end":{"line":118,"column":6}}},"fnMap":{"0":{"name":"(anonymous_0)","decl":{"start":{"line":6,"column":2},"end":{"line":6,"column":3}},"loc":{"start":{"line":6,"column":21},"end":{"line":16,"column":3}},"line":6},"1":{"name":"(anonymous_1)","decl":{"start":{"line":18,"column":2},"end":{"line":18,"column":3}},"loc":{"start":{"line":18,"column":23},"end":{"line":33,"column":3}},"line":18},"2":{"name":"(anonymous_2)","decl":{"start":{"line":24,"column":12},"end":{"line":24,"column":13}},"loc":{"start":{"line":25,"column":8},"end":{"line":28,"column":10}},"line":25},"3":{"name":"(anonymous_3)","decl":{"start":{"line":30,"column":13},"end":{"line":30,"column":14}},"loc":{"start":{"line":30,"column":25},"end":{"line":32,"column":7}},"line":30},"4":{"name":"(anonymous_4)","decl":{"start":{"line":35,"column":2},"end":{"line":35,"column":3}},"loc":{"start":{"line":35,"column":25},"end":{"line":59,"column":3}},"line":35},"5":{"name":"(anonymous_5)","decl":{"start":{"line":43,"column":12},"end":{"line":43,"column":13}},"loc":{"start":{"line":43,"column":24},"end":{"line":50,"column":7}},"line":43},"6":{"name":"(anonymous_6)","decl":{"start":{"line":47,"column":19},"end":{"line":47,"column":20}},"loc":{"start":{"line":47,"column":25},"end":{"line":49,"column":9}},"line":47},"7":{"name":"(anonymous_7)","decl":{"start":{"line":51,"column":13},"end":{"line":51,"column":14}},"loc":{"start":{"line":51,"column":25},"end":{"line":55,"column":7}},"line":51},"8":{"name":"(anonymous_8)","decl":{"start":{"line":61,"column":2},"end":{"line":61,"column":3}},"loc":{"start":{"line":61,"column":18},"end":{"line":65,"column":3}},"line":61},"9":{"name":"(anonymous_9)","decl":{"start":{"line":67,"column":2},"end":{"line":67,"column":3}},"loc":{"start":{"line":67,"column":18},"end":{"line":80,"column":3}},"line":67},"10":{"name":"(anonymous_10)","decl":{"start":{"line":82,"column":2},"end":{"line":82,"column":3}},"loc":{"start":{"line":82,"column":11},"end":{"line":119,"column":3}},"line":82}},"branchMap":{"0":{"loc":{"start":{"line":69,"column":4},"end":{"line":74,"column":5}},"type":"if","locations":[{"start":{"line":69,"column":4},"end":{"line":74,"column":5}},{"start":{"line":69,"column":4},"end":{"line":74,"column":5}}],"line":69},"1":{"loc":{"start":{"line":69,"column":8},"end":{"line":69,"column":59}},"type":"binary-expr","locations":[{"start":{"line":69,"column":8},"end":{"line":69,"column":28}},{"start":{"line":69,"column":32},"end":{"line":69,"column":59}}],"line":69},"2":{"loc":{"start":{"line":114,"column":11},"end":{"line":114,"column":55}},"type":"cond-expr","locations":[{"start":{"line":114,"column":36},"end":{"line":114,"column":48}},{"start":{"line":114,"column":51},"end":{"line":114,"column":55}}],"line":114}},"s":{"0":0,"1":0,"2":0,"3":0,"4":0,"5":0,"6":0,"7":0,"8":0,"9":0,"10":0,"11":0,"12":0,"13":0,"14":0,"15":0,"16":0,"17":0,"18":0,"19":0,"20":0,"21":0,"22":0,"23":0,"24":0},"f":{"0":0,"1":0,"2":0,"3":0,"4":0,"5":0,"6":0,"7":0,"8":0,"9":0,"10":0},"b":{"0":[0,0],"1":[0,0],"2":[0,0]},"_coverageSchema":"332fd63041d2c1bcb487cc26dd0d5f7d97098a6c","hash":"ee2cb157cfcecb31b6e2fc51a6eef14f93f7aaa3"}
,"/Users/sarahfarnsworth-kumli/Desktop/cams/cams-app-client/src/EditUserForm.js": {"path":"/Users/sarahfarnsworth-kumli/Desktop/cams/cams-app-client/src/EditUserForm.js","statementMap":{"0":{"start":{"line":7,"column":4},"end":{"line":7,"column":17}},"1":{"start":{"line":8,"column":4},"end":{"line":14,"column":6}},"2":{"start":{"line":15,"column":4},"end":{"line":15,"column":53}},"3":{"start":{"line":16,"column":4},"end":{"line":16,"column":53}},"4":{"start":{"line":20,"column":4},"end":{"line":22,"column":7}},"5":{"start":{"line":21,"column":6},"end":{"line":21,"column":52}},"6":{"start":{"line":26,"column":4},"end":{"line":54,"column":9}},"7":{"start":{"line":38,"column":8},"end":{"line":44,"column":11}},"8":{"start":{"line":47,"column":8},"end":{"line":53,"column":11}},"9":{"start":{"line":58,"column":4},"end":{"line":60,"column":7}},"10":{"start":{"line":64,"column":4},"end":{"line":64,"column":23}},"11":{"start":{"line":65,"column":4},"end":{"line":65,"column":34}},"12":{"start":{"line":69,"column":18},"end":{"line":69,"column":73}},"13":{"start":{"line":70,"column":4},"end":{"line":117,"column":6}}},"fnMap":{"0":{"name":"(anonymous_0)","decl":{"start":{"line":6,"column":2},"end":{"line":6,"column":3}},"loc":{"start":{"line":6,"column":21},"end":{"line":17,"column":3}},"line":6},"1":{"name":"(anonymous_1)","decl":{"start":{"line":19,"column":2},"end":{"line":19,"column":3}},"loc":{"start":{"line":19,"column":23},"end":{"line":23,"column":3}},"line":19},"2":{"name":"(anonymous_2)","decl":{"start":{"line":20,"column":66},"end":{"line":20,"column":67}},"loc":{"start":{"line":20,"column":78},"end":{"line":22,"column":5}},"line":20},"3":{"name":"(anonymous_3)","decl":{"start":{"line":25,"column":2},"end":{"line":25,"column":3}},"loc":{"start":{"line":25,"column":28},"end":{"line":55,"column":3}},"line":25},"4":{"name":"(anonymous_4)","decl":{"start":{"line":37,"column":12},"end":{"line":37,"column":13}},"loc":{"start":{"line":37,"column":24},"end":{"line":45,"column":7}},"line":37},"5":{"name":"(anonymous_5)","decl":{"start":{"line":46,"column":13},"end":{"line":46,"column":14}},"loc":{"start":{"line":46,"column":22},"end":{"line":54,"column":7}},"line":46},"6":{"name":"(anonymous_6)","decl":{"start":{"line":57,"column":2},"end":{"line":57,"column":3}},"loc":{"start":{"line":57,"column":18},"end":{"line":61,"column":3}},"line":57},"7":{"name":"(anonymous_7)","decl":{"start":{"line":63,"column":2},"end":{"line":63,"column":3}},"loc":{"start":{"line":63,"column":18},"end":{"line":66,"column":3}},"line":63},"8":{"name":"(anonymous_8)","decl":{"start":{"line":68,"column":2},"end":{"line":68,"column":3}},"loc":{"start":{"line":68,"column":11},"end":{"line":118,"column":3}},"line":68}},"branchMap":{"0":{"loc":{"start":{"line":69,"column":18},"end":{"line":69,"column":73}},"type":"cond-expr","locations":[{"start":{"line":69,"column":39},"end":{"line":69,"column":66}},{"start":{"line":69,"column":69},"end":{"line":69,"column":73}}],"line":69}},"s":{"0":0,"1":0,"2":0,"3":0,"4":0,"5":0,"6":0,"7":0,"8":0,"9":0,"10":0,"11":0,"12":0,"13":0},"f":{"0":0,"1":0,"2":0,"3":0,"4":0,"5":0,"6":0,"7":0,"8":0},"b":{"0":[0,0]},"_coverageSchema":"332fd63041d2c1bcb487cc26dd0d5f7d97098a6c","hash":"52a1a01b6a9d1200c6a0f5c1e3dbfeea4acaf00e"}
,"/Users/sarahfarnsworth-kumli/Desktop/cams/cams-app-client/src/Home.js": {"path":"/Users/sarahfarnsworth-kumli/Desktop/cams/cams-app-client/src/Home.js","statementMap":{"0":{"start":{"line":13,"column":13},"end":{"line":92,"column":1}},"1":{"start":{"line":14,"column":2},"end":{"line":91,"column":8}}},"fnMap":{"0":{"name":"(anonymous_0)","decl":{"start":{"line":13,"column":13},"end":{"line":13,"column":14}},"loc":{"start":{"line":14,"column":2},"end":{"line":91,"column":8}},"line":14}},"branchMap":{},"s":{"0":1,"1":1},"f":{"0":1},"b":{},"_coverageSchema":"332fd63041d2c1bcb487cc26dd0d5f7d97098a6c","hash":"67f09095390450ced4e357269d9ccf1a737abb47"}
,"/Users/sarahfarnsworth-kumli/Desktop/cams/cams-app-client/src/InviteDoctorForm.js": {"path":"/Users/sarahfarnsworth-kumli/Desktop/cams/cams-app-client/src/InviteDoctorForm.js","statementMap":{"0":{"start":{"line":7,"column":4},"end":{"line":7,"column":16}},"1":{"start":{"line":8,"column":6},"end":{"line":11,"column":7}},"2":{"start":{"line":12,"column":4},"end":{"line":12,"column":52}},"3":{"start":{"line":13,"column":4},"end":{"line":13,"column":52}},"4":{"start":{"line":17,"column":4},"end":{"line":29,"column":6}},"5":{"start":{"line":21,"column":6},"end":{"line":23,"column":9}},"6":{"start":{"line":26,"column":6},"end":{"line":28,"column":9}},"7":{"start":{"line":30,"column":4},"end":{"line":32,"column":7}},"8":{"start":{"line":36,"column":4},"end":{"line":38,"column":7}},"9":{"start":{"line":42,"column":4},"end":{"line":42,"column":23}},"10":{"start":{"line":43,"column":4},"end":{"line":48,"column":5}},"11":{"start":{"line":44,"column":6},"end":{"line":44,"column":37}},"12":{"start":{"line":45,"column":8},"end":{"line":47,"column":10}},"13":{"start":{"line":52,"column":23},"end":{"line":52,"column":51}},"14":{"start":{"line":53,"column":4},"end":{"line":73,"column":5}}},"fnMap":{"0":{"name":"(anonymous_0)","decl":{"start":{"line":6,"column":2},"end":{"line":6,"column":3}},"loc":{"start":{"line":6,"column":21},"end":{"line":14,"column":3}},"line":6},"1":{"name":"(anonymous_1)","decl":{"start":{"line":16,"column":2},"end":{"line":16,"column":3}},"loc":{"start":{"line":16,"column":32},"end":{"line":33,"column":3}},"line":16},"2":{"name":"(anonymous_2)","decl":{"start":{"line":20,"column":10},"end":{"line":20,"column":11}},"loc":{"start":{"line":20,"column":22},"end":{"line":24,"column":5}},"line":20},"3":{"name":"(anonymous_3)","decl":{"start":{"line":25,"column":11},"end":{"line":25,"column":12}},"loc":{"start":{"line":25,"column":23},"end":{"line":29,"column":5}},"line":25},"4":{"name":"(anonymous_4)","decl":{"start":{"line":35,"column":2},"end":{"line":35,"column":3}},"loc":{"start":{"line":35,"column":18},"end":{"line":39,"column":3}},"line":35},"5":{"name":"(anonymous_5)","decl":{"start":{"line":41,"column":2},"end":{"line":41,"column":3}},"loc":{"start":{"line":41,"column":18},"end":{"line":49,"column":3}},"line":41},"6":{"name":"(anonymous_6)","decl":{"start":{"line":51,"column":2},"end":{"line":51,"column":3}},"loc":{"start":{"line":51,"column":12},"end":{"line":74,"column":3}},"line":51}},"branchMap":{"0":{"loc":{"start":{"line":43,"column":4},"end":{"line":48,"column":5}},"type":"if","locations":[{"start":{"line":43,"column":4},"end":{"line":48,"column":5}},{"start":{"line":43,"column":4},"end":{"line":48,"column":5}}],"line":43}},"s":{"0":0,"1":0,"2":0,"3":0,"4":0,"5":0,"6":0,"7":0,"8":0,"9":0,"10":0,"11":0,"12":0,"13":0,"14":0},"f":{"0":0,"1":0,"2":0,"3":0,"4":0,"5":0,"6":0},"b":{"0":[0,0]},"_coverageSchema":"332fd63041d2c1bcb487cc26dd0d5f7d97098a6c","hash":"235b306944d81b9cf4e0c60afcc4067c6f3e55e0"}
,"/Users/sarahfarnsworth-kumli/Desktop/cams/cams-app-client/src/LoginForm.js": {"path":"/Users/sarahfarnsworth-kumli/Desktop/cams/cams-app-client/src/LoginForm.js","statementMap":{"0":{"start":{"line":7,"column":4},"end":{"line":7,"column":17}},"1":{"start":{"line":8,"column":4},"end":{"line":12,"column":6}},"2":{"start":{"line":16,"column":4},"end":{"line":24,"column":9}},"3":{"start":{"line":19,"column":8},"end":{"line":19,"column":59}},"4":{"start":{"line":20,"column":8},"end":{"line":20,"column":46}},"5":{"start":{"line":23,"column":8},"end":{"line":23,"column":39}},"6":{"start":{"line":28,"column":4},"end":{"line":30,"column":7}},"7":{"start":{"line":34,"column":4},"end":{"line":34,"column":23}},"8":{"start":{"line":35,"column":4},"end":{"line":35,"column":25}},"9":{"start":{"line":39,"column":16},"end":{"line":39,"column":68}},"10":{"start":{"line":40,"column":4},"end":{"line":73,"column":6}}},"fnMap":{"0":{"name":"(anonymous_0)","decl":{"start":{"line":6,"column":2},"end":{"line":6,"column":3}},"loc":{"start":{"line":6,"column":21},"end":{"line":13,"column":3}},"line":6},"1":{"name":"(anonymous_1)","decl":{"start":{"line":15,"column":2},"end":{"line":15,"column":3}},"loc":{"start":{"line":15,"column":16},"end":{"line":25,"column":3}},"line":15},"2":{"name":"(anonymous_2)","decl":{"start":{"line":18,"column":12},"end":{"line":18,"column":13}},"loc":{"start":{"line":18,"column":24},"end":{"line":21,"column":7}},"line":18},"3":{"name":"(anonymous_3)","decl":{"start":{"line":22,"column":13},"end":{"line":22,"column":14}},"loc":{"start":{"line":22,"column":22},"end":{"line":24,"column":7}},"line":22},"4":{"name":"(anonymous_4)","decl":{"start":{"line":27,"column":2},"end":{"line":27,"column":3}},"loc":{"start":{"line":27,"column":18},"end":{"line":31,"column":3}},"line":27},"5":{"name":"(anonymous_5)","decl":{"start":{"line":33,"column":2},"end":{"line":33,"column":3}},"loc":{"start":{"line":33,"column":18},"end":{"line":36,"column":3}},"line":33},"6":{"name":"(anonymous_6)","decl":{"start":{"line":38,"column":2},"end":{"line":38,"column":3}},"loc":{"start":{"line":38,"column":11},"end":{"line":74,"column":3}},"line":38}},"branchMap":{"0":{"loc":{"start":{"line":39,"column":16},"end":{"line":39,"column":68}},"type":"cond-expr","locations":[{"start":{"line":39,"column":35},"end":{"line":39,"column":61}},{"start":{"line":39,"column":64},"end":{"line":39,"column":68}}],"line":39}},"s":{"0":0,"1":0,"2":0,"3":0,"4":0,"5":0,"6":0,"7":0,"8":0,"9":0,"10":0},"f":{"0":0,"1":0,"2":0,"3":0,"4":0,"5":0,"6":0},"b":{"0":[0,0]},"_coverageSchema":"332fd63041d2c1bcb487cc26dd0d5f7d97098a6c","hash":"9e340387888eb14b650f88bb4bb7bf672b8e93d3"}
,"/Users/sarahfarnsworth-kumli/Desktop/cams/cams-app-client/src/Main.js": {"path":"/Users/sarahfarnsworth-kumli/Desktop/cams/cams-app-client/src/Main.js","statementMap":{"0":{"start":{"line":17,"column":21},"end":{"line":32,"column":1}},"1":{"start":{"line":18,"column":2},"end":{"line":31,"column":4}},"2":{"start":{"line":21,"column":6},"end":{"line":30,"column":7}},"3":{"start":{"line":34,"column":31},"end":{"line":49,"column":1}},"4":{"start":{"line":35,"column":2},"end":{"line":48,"column":4}},"5":{"start":{"line":38,"column":6},"end":{"line":47,"column":7}},"6":{"start":{"line":51,"column":24},"end":{"line":66,"column":1}},"7":{"start":{"line":52,"column":2},"end":{"line":65,"column":4}},"8":{"start":{"line":55,"column":6},"end":{"line":64,"column":7}},"9":{"start":{"line":70,"column":4},"end":{"line":70,"column":17}},"10":{"start":{"line":71,"column":4},"end":{"line":71,"column":58}},"11":{"start":{"line":75,"column":4},"end":{"line":77,"column":7}},"12":{"start":{"line":81,"column":4},"end":{"line":131,"column":6}}},"fnMap":{"0":{"name":"(anonymous_0)","decl":{"start":{"line":17,"column":21},"end":{"line":17,"column":22}},"loc":{"start":{"line":18,"column":2},"end":{"line":31,"column":4}},"line":18},"1":{"name":"(anonymous_1)","decl":{"start":{"line":20,"column":12},"end":{"line":20,"column":13}},"loc":{"start":{"line":21,"column":6},"end":{"line":30,"column":7}},"line":21},"2":{"name":"(anonymous_2)","decl":{"start":{"line":34,"column":31},"end":{"line":34,"column":32}},"loc":{"start":{"line":35,"column":2},"end":{"line":48,"column":4}},"line":35},"3":{"name":"(anonymous_3)","decl":{"start":{"line":37,"column":12},"end":{"line":37,"column":13}},"loc":{"start":{"line":38,"column":6},"end":{"line":47,"column":7}},"line":38},"4":{"name":"(anonymous_4)","decl":{"start":{"line":51,"column":24},"end":{"line":51,"column":25}},"loc":{"start":{"line":52,"column":2},"end":{"line":65,"column":4}},"line":52},"5":{"name":"(anonymous_5)","decl":{"start":{"line":54,"column":12},"end":{"line":54,"column":13}},"loc":{"start":{"line":55,"column":6},"end":{"line":64,"column":7}},"line":55},"6":{"name":"(anonymous_6)","decl":{"start":{"line":69,"column":2},"end":{"line":69,"column":3}},"loc":{"start":{"line":69,"column":21},"end":{"line":72,"column":3}},"line":69},"7":{"name":"(anonymous_7)","decl":{"start":{"line":74,"column":2},"end":{"line":74,"column":3}},"loc":{"start":{"line":74,"column":30},"end":{"line":78,"column":3}},"line":74},"8":{"name":"(anonymous_8)","decl":{"start":{"line":80,"column":2},"end":{"line":80,"column":3}},"loc":{"start":{"line":80,"column":11},"end":{"line":132,"column":3}},"line":80}},"branchMap":{"0":{"loc":{"start":{"line":21,"column":6},"end":{"line":30,"column":7}},"type":"cond-expr","locations":[{"start":{"line":22,"column":8},"end":{"line":22,"column":66}},{"start":{"line":24,"column":8},"end":{"line":29,"column":10}}],"line":21},"1":{"loc":{"start":{"line":38,"column":6},"end":{"line":47,"column":7}},"type":"cond-expr","locations":[{"start":{"line":39,"column":8},"end":{"line":39,"column":66}},{"start":{"line":41,"column":8},"end":{"line":46,"column":10}}],"line":38},"2":{"loc":{"start":{"line":55,"column":6},"end":{"line":64,"column":7}},"type":"cond-expr","locations":[{"start":{"line":56,"column":8},"end":{"line":61,"column":10}},{"start":{"line":63,"column":8},"end":{"line":63,"column":45}}],"line":55}},"s":{"0":1,"1":0,"2":0,"3":1,"4":0,"5":0,"6":1,"7":0,"8":0,"9":1,"10":1,"11":0,"12":1},"f":{"0":0,"1":0,"2":0,"3":0,"4":0,"5":0,"6":1,"7":0,"8":1},"b":{"0":[0,0],"1":[0,0],"2":[0,0]},"_coverageSchema":"332fd63041d2c1bcb487cc26dd0d5f7d97098a6c","hash":"410a47dcf7d37463dde722a9931cf6fbb833db0b"}
,"/Users/sarahfarnsworth-kumli/Desktop/cams/cams-app-client/src/Nav.js": {"path":"/Users/sarahfarnsworth-kumli/Desktop/cams/cams-app-client/src/Nav.js","statementMap":{"0":{"start":{"line":14,"column":4},"end":{"line":14,"column":17}},"1":{"start":{"line":15,"column":4},"end":{"line":15,"column":37}},"2":{"start":{"line":16,"column":4},"end":{"line":16,"column":41}},"3":{"start":{"line":20,"column":4},"end":{"line":20,"column":37}},"4":{"start":{"line":24,"column":4},"end":{"line":24,"column":55}},"5":{"start":{"line":28,"column":4},"end":{"line":28,"column":57}},"6":{"start":{"line":33,"column":6},"end":{"line":51,"column":12}},"7":{"start":{"line":55,"column":6},"end":{"line":59,"column":12}},"8":{"start":{"line":63,"column":6},"end":{"line":81,"column":12}},"9":{"start":{"line":85,"column":6},"end":{"line":87,"column":13}},"10":{"start":{"line":91,"column":6},"end":{"line":93,"column":13}},"11":{"start":{"line":96,"column":4},"end":{"line":116,"column":6}},"12":{"start":{"line":120,"column":0},"end":{"line":122,"column":2}}},"fnMap":{"0":{"name":"(anonymous_0)","decl":{"start":{"line":13,"column":2},"end":{"line":13,"column":3}},"loc":{"start":{"line":13,"column":21},"end":{"line":17,"column":3}},"line":13},"1":{"name":"(anonymous_1)","decl":{"start":{"line":19,"column":2},"end":{"line":19,"column":3}},"loc":{"start":{"line":19,"column":18},"end":{"line":21,"column":3}},"line":19},"2":{"name":"(anonymous_2)","decl":{"start":{"line":23,"column":2},"end":{"line":23,"column":3}},"loc":{"start":{"line":23,"column":10},"end":{"line":25,"column":3}},"line":23},"3":{"name":"(anonymous_3)","decl":{"start":{"line":27,"column":2},"end":{"line":27,"column":3}},"loc":{"start":{"line":27,"column":12},"end":{"line":29,"column":3}},"line":27},"4":{"name":"(anonymous_4)","decl":{"start":{"line":31,"column":2},"end":{"line":31,"column":3}},"loc":{"start":{"line":31,"column":11},"end":{"line":117,"column":3}},"line":31}},"branchMap":{"0":{"loc":{"start":{"line":98,"column":14},"end":{"line":98,"column":54}},"type":"cond-expr","locations":[{"start":{"line":98,"column":38},"end":{"line":98,"column":47}},{"start":{"line":98,"column":50},"end":{"line":98,"column":54}}],"line":98},"1":{"loc":{"start":{"line":100,"column":14},"end":{"line":100,"column":48}},"type":"cond-expr","locations":[{"start":{"line":100,"column":38},"end":{"line":100,"column":41}},{"start":{"line":100,"column":44},"end":{"line":100,"column":48}}],"line":100},"2":{"loc":{"start":{"line":112,"column":13},"end":{"line":112,"column":51}},"type":"cond-expr","locations":[{"start":{"line":112,"column":37},"end":{"line":112,"column":43}},{"start":{"line":112,"column":46},"end":{"line":112,"column":51}}],"line":112}},"s":{"0":1,"1":1,"2":1,"3":0,"4":0,"5":0,"6":1,"7":1,"8":1,"9":1,"10":1,"11":1,"12":1},"f":{"0":1,"1":0,"2":0,"3":0,"4":1},"b":{"0":[0,1],"1":[0,1],"2":[0,1]},"_coverageSchema":"332fd63041d2c1bcb487cc26dd0d5f7d97098a6c","hash":"931c2c6484f58baa702f28688fb4ce6e30b82430"}
,"/Users/sarahfarnsworth-kumli/Desktop/cams/cams-app-client/src/PatientHome.js": {"path":"/Users/sarahfarnsworth-kumli/Desktop/cams/cams-app-client/src/PatientHome.js","statementMap":{"0":{"start":{"line":14,"column":13},"end":{"line":14,"column":64}},"1":{"start":{"line":14,"column":22},"end":{"line":14,"column":64}},"2":{"start":{"line":16,"column":21},"end":{"line":16,"column":49}},"3":{"start":{"line":16,"column":30},"end":{"line":16,"column":49}},"4":{"start":{"line":20,"column":4},"end":{"line":20,"column":17}},"5":{"start":{"line":21,"column":4},"end":{"line":26,"column":6}},"6":{"start":{"line":27,"column":4},"end":{"line":27,"column":57}},"7":{"start":{"line":28,"column":4},"end":{"line":28,"column":51}},"8":{"start":{"line":29,"column":4},"end":{"line":29,"column":49}},"9":{"start":{"line":30,"column":4},"end":{"line":30,"column":41}},"10":{"start":{"line":34,"column":17},"end":{"line":34,"column":45}},"11":{"start":{"line":35,"column":4},"end":{"line":37,"column":7}},"12":{"start":{"line":36,"column":6},"end":{"line":36,"column":35}},"13":{"start":{"line":41,"column":4},"end":{"line":43,"column":7}},"14":{"start":{"line":42,"column":6},"end":{"line":42,"column":65}},"15":{"start":{"line":47,"column":4},"end":{"line":58,"column":7}},"16":{"start":{"line":48,"column":6},"end":{"line":50,"column":9}},"17":{"start":{"line":51,"column":20},"end":{"line":55,"column":7}},"18":{"start":{"line":56,"column":6},"end":{"line":56,"column":50}},"19":{"start":{"line":57,"column":6},"end":{"line":57,"column":33}},"20":{"start":{"line":64,"column":4},"end":{"line":76,"column":7}},"21":{"start":{"line":65,"column":15},"end":{"line":65,"column":29}},"22":{"start":{"line":66,"column":6},"end":{"line":66,"column":41}},"23":{"start":{"line":67,"column":6},"end":{"line":67,"column":58}},"24":{"start":{"line":68,"column":6},"end":{"line":68,"column":57}},"25":{"start":{"line":69,"column":6},"end":{"line":69,"column":38}},"26":{"start":{"line":70,"column":6},"end":{"line":75,"column":11}},"27":{"start":{"line":74,"column":10},"end":{"line":74,"column":27}},"28":{"start":{"line":77,"column":4},"end":{"line":77,"column":21}},"29":{"start":{"line":81,"column":4},"end":{"line":81,"column":44}},"30":{"start":{"line":82,"column":4},"end":{"line":82,"column":44}},"31":{"start":{"line":86,"column":4},"end":{"line":97,"column":5}},"32":{"start":{"line":87,"column":6},"end":{"line":87,"column":25}},"33":{"start":{"line":88,"column":6},"end":{"line":90,"column":7}},"34":{"start":{"line":89,"column":8},"end":{"line":89,"column":27}},"35":{"start":{"line":92,"column":6},"end":{"line":96,"column":9}},"36":{"start":{"line":93,"column":8},"end":{"line":95,"column":9}},"37":{"start":{"line":94,"column":10},"end":{"line":94,"column":28}},"38":{"start":{"line":101,"column":4},"end":{"line":103,"column":7}},"39":{"start":{"line":107,"column":4},"end":{"line":107,"column":19}},"40":{"start":{"line":108,"column":4},"end":{"line":108,"column":62}},"41":{"start":{"line":109,"column":4},"end":{"line":109,"column":28}},"42":{"start":{"line":113,"column":18},"end":{"line":140,"column":5}},"43":{"start":{"line":141,"column":4},"end":{"line":169,"column":6}},"44":{"start":{"line":143,"column":8},"end":{"line":167,"column":9}},"45":{"start":{"line":170,"column":4},"end":{"line":174,"column":6}},"46":{"start":{"line":175,"column":4},"end":{"line":185,"column":6}},"47":{"start":{"line":189,"column":0},"end":{"line":201,"column":2}}},"fnMap":{"0":{"name":"(anonymous_0)","decl":{"start":{"line":14,"column":13},"end":{"line":14,"column":14}},"loc":{"start":{"line":14,"column":22},"end":{"line":14,"column":64}},"line":14},"1":{"name":"(anonymous_1)","decl":{"start":{"line":16,"column":21},"end":{"line":16,"column":22}},"loc":{"start":{"line":16,"column":30},"end":{"line":16,"column":49}},"line":16},"2":{"name":"(anonymous_2)","decl":{"start":{"line":19,"column":2},"end":{"line":19,"column":3}},"loc":{"start":{"line":19,"column":21},"end":{"line":31,"column":3}},"line":19},"3":{"name":"(anonymous_3)","decl":{"start":{"line":33,"column":2},"end":{"line":33,"column":3}},"loc":{"start":{"line":33,"column":29},"end":{"line":38,"column":3}},"line":33},"4":{"name":"(anonymous_4)","decl":{"start":{"line":35,"column":45},"end":{"line":35,"column":46}},"loc":{"start":{"line":35,"column":54},"end":{"line":37,"column":5}},"line":35},"5":{"name":"(anonymous_5)","decl":{"start":{"line":40,"column":2},"end":{"line":40,"column":3}},"loc":{"start":{"line":40,"column":21},"end":{"line":44,"column":3}},"line":40},"6":{"name":"(anonymous_6)","decl":{"start":{"line":41,"column":26},"end":{"line":41,"column":27}},"loc":{"start":{"line":41,"column":36},"end":{"line":43,"column":5}},"line":41},"7":{"name":"(anonymous_7)","decl":{"start":{"line":46,"column":2},"end":{"line":46,"column":3}},"loc":{"start":{"line":46,"column":16},"end":{"line":59,"column":3}},"line":46},"8":{"name":"(anonymous_8)","decl":{"start":{"line":47,"column":26},"end":{"line":47,"column":27}},"loc":{"start":{"line":47,"column":41},"end":{"line":58,"column":5}},"line":47},"9":{"name":"(anonymous_9)","decl":{"start":{"line":61,"column":2},"end":{"line":61,"column":3}},"loc":{"start":{"line":61,"column":15},"end":{"line":78,"column":3}},"line":61},"10":{"name":"(anonymous_10)","decl":{"start":{"line":64,"column":28},"end":{"line":64,"column":29}},"loc":{"start":{"line":64,"column":34},"end":{"line":76,"column":5}},"line":64},"11":{"name":"(anonymous_11)","decl":{"start":{"line":72,"column":14},"end":{"line":72,"column":15}},"loc":{"start":{"line":72,"column":19},"end":{"line":72,"column":21}},"line":72},"12":{"name":"(anonymous_12)","decl":{"start":{"line":73,"column":15},"end":{"line":73,"column":16}},"loc":{"start":{"line":73,"column":22},"end":{"line":75,"column":9}},"line":73},"13":{"name":"(anonymous_13)","decl":{"start":{"line":80,"column":2},"end":{"line":80,"column":3}},"loc":{"start":{"line":80,"column":14},"end":{"line":83,"column":3}},"line":80},"14":{"name":"(anonymous_14)","decl":{"start":{"line":85,"column":2},"end":{"line":85,"column":3}},"loc":{"start":{"line":85,"column":20},"end":{"line":98,"column":3}},"line":85},"15":{"name":"(anonymous_15)","decl":{"start":{"line":92,"column":47},"end":{"line":92,"column":48}},"loc":{"start":{"line":92,"column":53},"end":{"line":96,"column":7}},"line":92},"16":{"name":"(anonymous_16)","decl":{"start":{"line":100,"column":2},"end":{"line":100,"column":3}},"loc":{"start":{"line":100,"column":11},"end":{"line":104,"column":3}},"line":100},"17":{"name":"(anonymous_17)","decl":{"start":{"line":106,"column":2},"end":{"line":106,"column":3}},"loc":{"start":{"line":106,"column":22},"end":{"line":110,"column":3}},"line":106},"18":{"name":"(anonymous_18)","decl":{"start":{"line":112,"column":2},"end":{"line":112,"column":3}},"loc":{"start":{"line":112,"column":11},"end":{"line":186,"column":3}},"line":112},"19":{"name":"(anonymous_19)","decl":{"start":{"line":142,"column":6},"end":{"line":142,"column":7}},"loc":{"start":{"line":143,"column":8},"end":{"line":167,"column":9}},"line":143}},"branchMap":{"0":{"loc":{"start":{"line":86,"column":4},"end":{"line":97,"column":5}},"type":"if","locations":[{"start":{"line":86,"column":4},"end":{"line":97,"column":5}},{"start":{"line":86,"column":4},"end":{"line":97,"column":5}}],"line":86},"1":{"loc":{"start":{"line":86,"column":8},"end":{"line":86,"column":54}},"type":"binary-expr","locations":[{"start":{"line":86,"column":8},"end":{"line":86,"column":24}},{"start":{"line":86,"column":28},"end":{"line":86,"column":54}}],"line":86},"2":{"loc":{"start":{"line":88,"column":6},"end":{"line":90,"column":7}},"type":"if","locations":[{"start":{"line":88,"column":6},"end":{"line":90,"column":7}},{"start":{"line":88,"column":6},"end":{"line":90,"column":7}}],"line":88},"3":{"loc":{"start":{"line":93,"column":8},"end":{"line":95,"column":9}},"type":"if","locations":[{"start":{"line":93,"column":8},"end":{"line":95,"column":9}},{"start":{"line":93,"column":8},"end":{"line":95,"column":9}}],"line":93},"4":{"loc":{"start":{"line":144,"column":10},"end":{"line":166,"column":15}},"type":"cond-expr","locations":[{"start":{"line":145,"column":14},"end":{"line":162,"column":15}},{"start":{"line":163,"column":14},"end":{"line":166,"column":15}}],"line":144}},"s":{"0":1,"1":0,"2":1,"3":0,"4":0,"5":0,"6":0,"7":0,"8":0,"9":0,"10":0,"11":0,"12":0,"13":0,"14":0,"15":0,"16":0,"17":0,"18":0,"19":0,"20":0,"21":0,"22":0,"23":0,"24":0,"25":0,"26":0,"27":0,"28":0,"29":0,"30":0,"31":0,"32":0,"33":0,"34":0,"35":0,"36":0,"37":0,"38":0,"39":0,"40":0,"41":0,"42":0,"43":0,"44":0,"45":0,"46":0,"47":1},"f":{"0":0,"1":0,"2":0,"3":0,"4":0,"5":0,"6":0,"7":0,"8":0,"9":0,"10":0,"11":0,"12":0,"13":0,"14":0,"15":0,"16":0,"17":0,"18":0,"19":0},"b":{"0":[0,0],"1":[0,0],"2":[0,0],"3":[0,0],"4":[0,0]},"_coverageSchema":"332fd63041d2c1bcb487cc26dd0d5f7d97098a6c","hash":"eca48ea0ae8481d3340aeef636c02ee6569d7d7e"}
,"/Users/sarahfarnsworth-kumli/Desktop/cams/cams-app-client/src/PatientWrapper.js": {"path":"/Users/sarahfarnsworth-kumli/Desktop/cams/cams-app-client/src/PatientWrapper.js","statementMap":{"0":{"start":{"line":8,"column":4},"end":{"line":8,"column":17}},"1":{"start":{"line":10,"column":4},"end":{"line":16,"column":6}},"2":{"start":{"line":20,"column":17},"end":{"line":20,"column":45}},"3":{"start":{"line":21,"column":4},"end":{"line":23,"column":7}},"4":{"start":{"line":22,"column":6},"end":{"line":22,"column":35}},"5":{"start":{"line":27,"column":15},"end":{"line":27,"column":19}},"6":{"start":{"line":28,"column":15},"end":{"line":28,"column":49}},"7":{"start":{"line":29,"column":19},"end":{"line":36,"column":5}},"8":{"start":{"line":37,"column":16},"end":{"line":37,"column":33}},"9":{"start":{"line":38,"column":4},"end":{"line":56,"column":9}},"10":{"start":{"line":41,"column":8},"end":{"line":41,"column":69}},"11":{"start":{"line":42,"column":8},"end":{"line":46,"column":10}},"12":{"start":{"line":49,"column":8},"end":{"line":55,"column":11}},"13":{"start":{"line":52,"column":33},"end":{"line":52,"column":76}},"14":{"start":{"line":60,"column":4},"end":{"line":60,"column":25}},"15":{"start":{"line":62,"column":6},"end":{"line":76,"column":7}},"16":{"start":{"line":77,"column":4},"end":{"line":77,"column":32}}},"fnMap":{"0":{"name":"(anonymous_0)","decl":{"start":{"line":7,"column":2},"end":{"line":7,"column":3}},"loc":{"start":{"line":7,"column":21},"end":{"line":17,"column":3}},"line":7},"1":{"name":"(anonymous_1)","decl":{"start":{"line":19,"column":2},"end":{"line":19,"column":3}},"loc":{"start":{"line":19,"column":29},"end":{"line":24,"column":3}},"line":19},"2":{"name":"(anonymous_2)","decl":{"start":{"line":21,"column":45},"end":{"line":21,"column":46}},"loc":{"start":{"line":21,"column":54},"end":{"line":23,"column":5}},"line":21},"3":{"name":"(anonymous_3)","decl":{"start":{"line":26,"column":2},"end":{"line":26,"column":3}},"loc":{"start":{"line":26,"column":23},"end":{"line":57,"column":3}},"line":26},"4":{"name":"(anonymous_4)","decl":{"start":{"line":40,"column":12},"end":{"line":40,"column":13}},"loc":{"start":{"line":40,"column":31},"end":{"line":47,"column":7}},"line":40},"5":{"name":"(anonymous_5)","decl":{"start":{"line":48,"column":12},"end":{"line":48,"column":13}},"loc":{"start":{"line":48,"column":31},"end":{"line":56,"column":7}},"line":48},"6":{"name":"(anonymous_6)","decl":{"start":{"line":52,"column":12},"end":{"line":52,"column":13}},"loc":{"start":{"line":52,"column":33},"end":{"line":52,"column":76}},"line":52},"7":{"name":"(anonymous_7)","decl":{"start":{"line":59,"column":2},"end":{"line":59,"column":3}},"loc":{"start":{"line":59,"column":11},"end":{"line":78,"column":3}},"line":59}},"branchMap":{"0":{"loc":{"start":{"line":52,"column":41},"end":{"line":52,"column":75}},"type":"cond-expr","locations":[{"start":{"line":52,"column":70},"end":{"line":52,"column":71}},{"start":{"line":52,"column":74},"end":{"line":52,"column":75}}],"line":52},"1":{"loc":{"start":{"line":62,"column":6},"end":{"line":76,"column":7}},"type":"cond-expr","locations":[{"start":{"line":63,"column":8},"end":{"line":67,"column":10}},{"start":{"line":69,"column":8},"end":{"line":75,"column":12}}],"line":62}},"s":{"0":0,"1":0,"2":0,"3":0,"4":0,"5":0,"6":0,"7":0,"8":0,"9":0,"10":0,"11":0,"12":0,"13":0,"14":0,"15":0,"16":0},"f":{"0":0,"1":0,"2":0,"3":0,"4":0,"5":0,"6":0,"7":0},"b":{"0":[0,0],"1":[0,0]},"_coverageSchema":"332fd63041d2c1bcb487cc26dd0d5f7d97098a6c","hash":"71de6b2e18095a24eb597a7e0578e71f064d3bfa"}
,"/Users/sarahfarnsworth-kumli/Desktop/cams/cams-app-client/src/PlaylistForm.js": {"path":"/Users/sarahfarnsworth-kumli/Desktop/cams/cams-app-client/src/PlaylistForm.js","statementMap":{"0":{"start":{"line":7,"column":4},"end":{"line":7,"column":17}},"1":{"start":{"line":8,"column":4},"end":{"line":10,"column":6}},"2":{"start":{"line":14,"column":4},"end":{"line":16,"column":7}},"3":{"start":{"line":20,"column":4},"end":{"line":20,"column":23}},"4":{"start":{"line":21,"column":4},"end":{"line":21,"column":49}},"5":{"start":{"line":22,"column":4},"end":{"line":22,"column":32}},"6":{"start":{"line":26,"column":4},"end":{"line":26,"column":27}},"7":{"start":{"line":30,"column":16},"end":{"line":32,"column":12}},"8":{"start":{"line":33,"column":4},"end":{"line":54,"column":6}},"9":{"start":{"line":39,"column":14},"end":{"line":39,"column":37}},"10":{"start":{"line":58,"column":0},"end":{"line":61,"column":2}}},"fnMap":{"0":{"name":"(anonymous_0)","decl":{"start":{"line":6,"column":2},"end":{"line":6,"column":3}},"loc":{"start":{"line":6,"column":21},"end":{"line":11,"column":3}},"line":6},"1":{"name":"(anonymous_1)","decl":{"start":{"line":13,"column":2},"end":{"line":13,"column":3}},"loc":{"start":{"line":13,"column":18},"end":{"line":17,"column":3}},"line":13},"2":{"name":"(anonymous_2)","decl":{"start":{"line":19,"column":2},"end":{"line":19,"column":3}},"loc":{"start":{"line":19,"column":18},"end":{"line":23,"column":3}},"line":19},"3":{"name":"(anonymous_3)","decl":{"start":{"line":25,"column":2},"end":{"line":25,"column":3}},"loc":{"start":{"line":25,"column":23},"end":{"line":27,"column":3}},"line":25},"4":{"name":"(anonymous_4)","decl":{"start":{"line":29,"column":2},"end":{"line":29,"column":3}},"loc":{"start":{"line":29,"column":11},"end":{"line":55,"column":3}},"line":29},"5":{"name":"(anonymous_5)","decl":{"start":{"line":38,"column":17},"end":{"line":38,"column":18}},"loc":{"start":{"line":38,"column":26},"end":{"line":40,"column":13}},"line":38}},"branchMap":{"0":{"loc":{"start":{"line":30,"column":16},"end":{"line":32,"column":12}},"type":"cond-expr","locations":[{"start":{"line":31,"column":6},"end":{"line":31,"column":72}},{"start":{"line":32,"column":8},"end":{"line":32,"column":12}}],"line":30}},"s":{"0":0,"1":0,"2":0,"3":0,"4":0,"5":0,"6":0,"7":0,"8":0,"9":0,"10":1},"f":{"0":0,"1":0,"2":0,"3":0,"4":0,"5":0},"b":{"0":[0,0]},"_coverageSchema":"332fd63041d2c1bcb487cc26dd0d5f7d97098a6c","hash":"8dcafaffdcf45b3f740770de1594f846ebeea27e"}
,"/Users/sarahfarnsworth-kumli/Desktop/cams/cams-app-client/src/PlaylistWrapper.js": {"path":"/Users/sarahfarnsworth-kumli/Desktop/cams/cams-app-client/src/PlaylistWrapper.js","statementMap":{"0":{"start":{"line":10,"column":4},"end":{"line":10,"column":17}},"1":{"start":{"line":11,"column":4},"end":{"line":15,"column":6}},"2":{"start":{"line":16,"column":4},"end":{"line":16,"column":51}},"3":{"start":{"line":20,"column":4},"end":{"line":28,"column":9}},"4":{"start":{"line":23,"column":25},"end":{"line":23,"column":41}},"5":{"start":{"line":24,"column":8},"end":{"line":24,"column":79}},"6":{"start":{"line":27,"column":8},"end":{"line":27,"column":39}},"7":{"start":{"line":32,"column":4},"end":{"line":34,"column":5}},"8":{"start":{"line":33,"column":6},"end":{"line":33,"column":72}},"9":{"start":{"line":38,"column":4},"end":{"line":44,"column":5}},"10":{"start":{"line":43,"column":6},"end":{"line":43,"column":57}},"11":{"start":{"line":48,"column":29},"end":{"line":48,"column":39}},"12":{"start":{"line":49,"column":17},"end":{"line":49,"column":55}},"13":{"start":{"line":50,"column":4},"end":{"line":71,"column":6}},"14":{"start":{"line":75,"column":0},"end":{"line":77,"column":2}}},"fnMap":{"0":{"name":"(anonymous_0)","decl":{"start":{"line":9,"column":2},"end":{"line":9,"column":3}},"loc":{"start":{"line":9,"column":21},"end":{"line":17,"column":3}},"line":9},"1":{"name":"(anonymous_1)","decl":{"start":{"line":19,"column":2},"end":{"line":19,"column":3}},"loc":{"start":{"line":19,"column":28},"end":{"line":29,"column":3}},"line":19},"2":{"name":"(anonymous_2)","decl":{"start":{"line":22,"column":12},"end":{"line":22,"column":13}},"loc":{"start":{"line":22,"column":24},"end":{"line":25,"column":7}},"line":22},"3":{"name":"(anonymous_3)","decl":{"start":{"line":26,"column":13},"end":{"line":26,"column":14}},"loc":{"start":{"line":26,"column":22},"end":{"line":28,"column":7}},"line":26},"4":{"name":"(anonymous_4)","decl":{"start":{"line":31,"column":2},"end":{"line":31,"column":3}},"loc":{"start":{"line":31,"column":23},"end":{"line":35,"column":3}},"line":31},"5":{"name":"(anonymous_5)","decl":{"start":{"line":37,"column":2},"end":{"line":37,"column":3}},"loc":{"start":{"line":37,"column":23},"end":{"line":45,"column":3}},"line":37},"6":{"name":"(anonymous_6)","decl":{"start":{"line":47,"column":2},"end":{"line":47,"column":3}},"loc":{"start":{"line":47,"column":11},"end":{"line":72,"column":3}},"line":47}},"branchMap":{"0":{"loc":{"start":{"line":32,"column":4},"end":{"line":34,"column":5}},"type":"if","locations":[{"start":{"line":32,"column":4},"end":{"line":34,"column":5}},{"start":{"line":32,"column":4},"end":{"line":34,"column":5}}],"line":32},"1":{"loc":{"start":{"line":38,"column":4},"end":{"line":44,"column":5}},"type":"if","locations":[{"start":{"line":38,"column":4},"end":{"line":44,"column":5}},{"start":{"line":38,"column":4},"end":{"line":44,"column":5}}],"line":38},"2":{"loc":{"start":{"line":39,"column":6},"end":{"line":41,"column":25}},"type":"binary-expr","locations":[{"start":{"line":39,"column":6},"end":{"line":39,"column":30}},{"start":{"line":40,"column":6},"end":{"line":40,"column":36}},{"start":{"line":41,"column":6},"end":{"line":41,"column":25}}],"line":39},"3":{"loc":{"start":{"line":49,"column":17},"end":{"line":49,"column":55}},"type":"cond-expr","locations":[{"start":{"line":49,"column":41},"end":{"line":49,"column":47}},{"start":{"line":49,"column":50},"end":{"line":49,"column":55}}],"line":49},"4":{"loc":{"start":{"line":57,"column":13},"end":{"line":67,"column":13}},"type":"cond-expr","locations":[{"start":{"line":58,"column":14},"end":{"line":61,"column":16}},{"start":{"line":63,"column":14},"end":{"line":66,"column":16}}],"line":57}},"s":{"0":0,"1":0,"2":0,"3":0,"4":0,"5":0,"6":0,"7":0,"8":0,"9":0,"10":0,"11":0,"12":0,"13":0,"14":1},"f":{"0":0,"1":0,"2":0,"3":0,"4":0,"5":0,"6":0},"b":{"0":[0,0],"1":[0,0],"2":[0,0,0],"3":[0,0],"4":[0,0]},"_coverageSchema":"332fd63041d2c1bcb487cc26dd0d5f7d97098a6c","hash":"6146998b525ba4fc77f21bbcce7bf120ee51d48e"}
,"/Users/sarahfarnsworth-kumli/Desktop/cams/cams-app-client/src/QuestionForm.js": {"path":"/Users/sarahfarnsworth-kumli/Desktop/cams/cams-app-client/src/QuestionForm.js","statementMap":{"0":{"start":{"line":1,"column":39},"end":{"line":1,"column":101}},"1":{"start":{"line":1,"column":120},"end":{"line":1,"column":199}},"2":{"start":{"line":3,"column":183},"end":{"line":3,"column":237}},"3":{"start":{"line":7,"column":4},"end":{"line":7,"column":17}},"4":{"start":{"line":8,"column":4},"end":{"line":9,"column":21}},"5":{"start":{"line":11,"column":4},"end":{"line":11,"column":47}},"6":{"start":{"line":12,"column":4},"end":{"line":12,"column":53}},"7":{"start":{"line":16,"column":4},"end":{"line":17,"column":41}},"8":{"start":{"line":22,"column":4},"end":{"line":22,"column":23}},"9":{"start":{"line":23,"column":4},"end":{"line":23,"column":36}},"10":{"start":{"line":24,"column":4},"end":{"line":24,"column":48}},"11":{"start":{"line":28,"column":4},"end":{"line":39,"column":286}},"12":{"start":{"line":48,"column":0},"end":{"line":49,"column":79}}},"fnMap":{"0":{"name":"_interopRequireDefault","decl":{"start":{"line":3,"column":154},"end":{"line":3,"column":176}},"loc":{"start":{"line":3,"column":182},"end":{"line":3,"column":238}},"line":3},"1":{"name":"(anonymous_1)","decl":{"start":{"line":6,"column":2},"end":{"line":6,"column":3}},"loc":{"start":{"line":6,"column":21},"end":{"line":13,"column":3}},"line":6},"2":{"name":"(anonymous_2)","decl":{"start":{"line":15,"column":2},"end":{"line":15,"column":3}},"loc":{"start":{"line":15,"column":18},"end":{"line":19,"column":3}},"line":15},"3":{"name":"(anonymous_3)","decl":{"start":{"line":21,"column":2},"end":{"line":21,"column":3}},"loc":{"start":{"line":21,"column":15},"end":{"line":25,"column":3}},"line":21},"4":{"name":"(anonymous_4)","decl":{"start":{"line":27,"column":2},"end":{"line":27,"column":3}},"loc":{"start":{"line":27,"column":11},"end":{"line":45,"column":3}},"line":27}},"branchMap":{"0":{"loc":{"start":{"line":3,"column":190},"end":{"line":3,"column":236}},"type":"cond-expr","locations":[{"start":{"line":3,"column":214},"end":{"line":3,"column":217}},{"start":{"line":3,"column":220},"end":{"line":3,"column":236}}],"line":3},"1":{"loc":{"start":{"line":3,"column":190},"end":{"line":3,"column":211}},"type":"binary-expr","locations":[{"start":{"line":3,"column":190},"end":{"line":3,"column":193}},{"start":{"line":3,"column":197},"end":{"line":3,"column":211}}],"line":3}},"s":{"0":0,"1":0,"2":0,"3":0,"4":0,"5":0,"6":0,"7":0,"8":0,"9":0,"10":0,"11":0,"12":0},"f":{"0":0,"1":0,"2":0,"3":0,"4":0},"b":{"0":[0,0],"1":[0,0]}}
,"/Users/sarahfarnsworth-kumli/Desktop/cams/cams-app-client/src/ScreenForm.js": {"path":"/Users/sarahfarnsworth-kumli/Desktop/cams/cams-app-client/src/ScreenForm.js","statementMap":{"0":{"start":{"line":9,"column":4},"end":{"line":9,"column":17}},"1":{"start":{"line":10,"column":4},"end":{"line":15,"column":6}},"2":{"start":{"line":16,"column":4},"end":{"line":16,"column":59}},"3":{"start":{"line":17,"column":4},"end":{"line":17,"column":65}},"4":{"start":{"line":18,"column":4},"end":{"line":18,"column":47}},"5":{"start":{"line":19,"column":4},"end":{"line":19,"column":53}},"6":{"start":{"line":20,"column":4},"end":{"line":20,"column":53}},"7":{"start":{"line":24,"column":4},"end":{"line":26,"column":7}},"8":{"start":{"line":30,"column":4},"end":{"line":32,"column":7}},"9":{"start":{"line":36,"column":4},"end":{"line":36,"column":23}},"10":{"start":{"line":37,"column":4},"end":{"line":43,"column":5}},"11":{"start":{"line":38,"column":6},"end":{"line":38,"column":38}},"12":{"start":{"line":39,"column":6},"end":{"line":39,"column":50}},"13":{"start":{"line":41,"column":6},"end":{"line":41,"column":33}},"14":{"start":{"line":42,"column":6},"end":{"line":42,"column":42}},"15":{"start":{"line":47,"column":4},"end":{"line":47,"column":23}},"16":{"start":{"line":48,"column":4},"end":{"line":48,"column":39}},"17":{"start":{"line":52,"column":4},"end":{"line":52,"column":23}},"18":{"start":{"line":53,"column":4},"end":{"line":53,"column":55}},"19":{"start":{"line":57,"column":4},"end":{"line":59,"column":7}},"20":{"start":{"line":58,"column":6},"end":{"line":58,"column":47}},"21":{"start":{"line":63,"column":16},"end":{"line":63,"column":37}},"22":{"start":{"line":64,"column":21},"end":{"line":79,"column":6}},"23":{"start":{"line":66,"column":8},"end":{"line":67,"column":61}},"24":{"start":{"line":68,"column":6},"end":{"line":78,"column":15}},"25":{"start":{"line":81,"column":4},"end":{"line":130,"column":6}},"26":{"start":{"line":134,"column":0},"end":{"line":138,"column":2}}},"fnMap":{"0":{"name":"(anonymous_0)","decl":{"start":{"line":8,"column":2},"end":{"line":8,"column":3}},"loc":{"start":{"line":8,"column":21},"end":{"line":21,"column":3}},"line":8},"1":{"name":"(anonymous_1)","decl":{"start":{"line":23,"column":2},"end":{"line":23,"column":3}},"loc":{"start":{"line":23,"column":18},"end":{"line":27,"column":3}},"line":23},"2":{"name":"(anonymous_2)","decl":{"start":{"line":29,"column":2},"end":{"line":29,"column":3}},"loc":{"start":{"line":29,"column":24},"end":{"line":33,"column":3}},"line":29},"3":{"name":"(anonymous_3)","decl":{"start":{"line":35,"column":2},"end":{"line":35,"column":3}},"loc":{"start":{"line":35,"column":15},"end":{"line":44,"column":3}},"line":35},"4":{"name":"(anonymous_4)","decl":{"start":{"line":46,"column":2},"end":{"line":46,"column":3}},"loc":{"start":{"line":46,"column":18},"end":{"line":49,"column":3}},"line":46},"5":{"name":"(anonymous_5)","decl":{"start":{"line":51,"column":2},"end":{"line":51,"column":3}},"loc":{"start":{"line":51,"column":21},"end":{"line":54,"column":3}},"line":51},"6":{"name":"(anonymous_6)","decl":{"start":{"line":56,"column":2},"end":{"line":56,"column":3}},"loc":{"start":{"line":56,"column":23},"end":{"line":60,"column":3}},"line":56},"7":{"name":"(anonymous_7)","decl":{"start":{"line":57,"column":55},"end":{"line":57,"column":56}},"loc":{"start":{"line":57,"column":67},"end":{"line":59,"column":5}},"line":57},"8":{"name":"(anonymous_8)","decl":{"start":{"line":62,"column":2},"end":{"line":62,"column":3}},"loc":{"start":{"line":62,"column":11},"end":{"line":131,"column":3}},"line":62},"9":{"name":"(anonymous_9)","decl":{"start":{"line":64,"column":43},"end":{"line":64,"column":44}},"loc":{"start":{"line":64,"column":62},"end":{"line":79,"column":5}},"line":64}},"branchMap":{"0":{"loc":{"start":{"line":37,"column":4},"end":{"line":43,"column":5}},"type":"if","locations":[{"start":{"line":37,"column":4},"end":{"line":43,"column":5}},{"start":{"line":37,"column":4},"end":{"line":43,"column":5}}],"line":37},"1":{"loc":{"start":{"line":66,"column":8},"end":{"line":67,"column":61}},"type":"binary-expr","locations":[{"start":{"line":66,"column":8},"end":{"line":66,"column":34}},{"start":{"line":67,"column":8},"end":{"line":67,"column":61}}],"line":66},"2":{"loc":{"start":{"line":68,"column":13},"end":{"line":78,"column":14}},"type":"cond-expr","locations":[{"start":{"line":69,"column":8},"end":{"line":77,"column":14}},{"start":{"line":78,"column":10},"end":{"line":78,"column":14}}],"line":68}},"s":{"0":0,"1":0,"2":0,"3":0,"4":0,"5":0,"6":0,"7":0,"8":0,"9":0,"10":0,"11":0,"12":0,"13":0,"14":0,"15":0,"16":0,"17":0,"18":0,"19":0,"20":0,"21":0,"22":0,"23":0,"24":0,"25":0,"26":1},"f":{"0":0,"1":0,"2":0,"3":0,"4":0,"5":0,"6":0,"7":0,"8":0,"9":0},"b":{"0":[0,0],"1":[0,0],"2":[0,0]},"_coverageSchema":"332fd63041d2c1bcb487cc26dd0d5f7d97098a6c","hash":"dbbd6ed62b78b640c4d40ad16a72c42ef02778f6"}
,"/Users/sarahfarnsworth-kumli/Desktop/cams/cams-app-client/src/ScreenWrapper.js": {"path":"/Users/sarahfarnsworth-kumli/Desktop/cams/cams-app-client/src/ScreenWrapper.js","statementMap":{"0":{"start":{"line":16,"column":4},"end":{"line":16,"column":17}},"1":{"start":{"line":17,"column":4},"end":{"line":19,"column":6}},"2":{"start":{"line":20,"column":4},"end":{"line":20,"column":45}},"3":{"start":{"line":21,"column":4},"end":{"line":21,"column":43}},"4":{"start":{"line":22,"column":4},"end":{"line":22,"column":51}},"5":{"start":{"line":23,"column":4},"end":{"line":23,"column":47}},"6":{"start":{"line":27,"column":20},"end":{"line":27,"column":37}},"7":{"start":{"line":28,"column":4},"end":{"line":49,"column":9}},"8":{"start":{"line":40,"column":8},"end":{"line":48,"column":11}},"9":{"start":{"line":53,"column":4},"end":{"line":75,"column":5}},"10":{"start":{"line":54,"column":6},"end":{"line":74,"column":11}},"11":{"start":{"line":65,"column":10},"end":{"line":73,"column":13}},"12":{"start":{"line":79,"column":4},"end":{"line":85,"column":5}},"13":{"start":{"line":80,"column":6},"end":{"line":84,"column":8}},"14":{"start":{"line":82,"column":10},"end":{"line":82,"column":48}},"15":{"start":{"line":87,"column":4},"end":{"line":87,"column":42}},"16":{"start":{"line":91,"column":4},"end":{"line":93,"column":7}},"17":{"start":{"line":97,"column":4},"end":{"line":107,"column":5}},"18":{"start":{"line":98,"column":6},"end":{"line":106,"column":11}},"19":{"start":{"line":105,"column":10},"end":{"line":105,"column":55}},"20":{"start":{"line":111,"column":4},"end":{"line":122,"column":7}},"21":{"start":{"line":112,"column":6},"end":{"line":121,"column":8}},"22":{"start":{"line":126,"column":26},"end":{"line":130,"column":6}},"23":{"start":{"line":127,"column":6},"end":{"line":129,"column":11}},"24":{"start":{"line":132,"column":25},"end":{"line":140,"column":6}},"25":{"start":{"line":133,"column":6},"end":{"line":139,"column":8}},"26":{"start":{"line":136,"column":12},"end":{"line":136,"column":79}},"27":{"start":{"line":142,"column":4},"end":{"line":155,"column":6}},"28":{"start":{"line":159,"column":0},"end":{"line":162,"column":2}}},"fnMap":{"0":{"name":"(anonymous_0)","decl":{"start":{"line":15,"column":2},"end":{"line":15,"column":3}},"loc":{"start":{"line":15,"column":21},"end":{"line":24,"column":3}},"line":15},"1":{"name":"(anonymous_1)","decl":{"start":{"line":26,"column":2},"end":{"line":26,"column":3}},"loc":{"start":{"line":26,"column":16},"end":{"line":50,"column":3}},"line":26},"2":{"name":"(anonymous_2)","decl":{"start":{"line":39,"column":12},"end":{"line":39,"column":13}},"loc":{"start":{"line":39,"column":24},"end":{"line":49,"column":7}},"line":39},"3":{"name":"(anonymous_3)","decl":{"start":{"line":52,"column":2},"end":{"line":52,"column":3}},"loc":{"start":{"line":52,"column":24},"end":{"line":76,"column":3}},"line":52},"4":{"name":"(anonymous_4)","decl":{"start":{"line":64,"column":14},"end":{"line":64,"column":15}},"loc":{"start":{"line":64,"column":26},"end":{"line":74,"column":9}},"line":64},"5":{"name":"(anonymous_5)","decl":{"start":{"line":78,"column":2},"end":{"line":78,"column":3}},"loc":{"start":{"line":78,"column":15},"end":{"line":88,"column":3}},"line":78},"6":{"name":"(anonymous_6)","decl":{"start":{"line":81,"column":8},"end":{"line":81,"column":9}},"loc":{"start":{"line":81,"column":27},"end":{"line":83,"column":9}},"line":81},"7":{"name":"(anonymous_7)","decl":{"start":{"line":90,"column":2},"end":{"line":90,"column":3}},"loc":{"start":{"line":90,"column":36},"end":{"line":94,"column":3}},"line":90},"8":{"name":"(anonymous_8)","decl":{"start":{"line":96,"column":2},"end":{"line":96,"column":3}},"loc":{"start":{"line":96,"column":23},"end":{"line":108,"column":3}},"line":96},"9":{"name":"(anonymous_9)","decl":{"start":{"line":104,"column":14},"end":{"line":104,"column":15}},"loc":{"start":{"line":104,"column":26},"end":{"line":106,"column":9}},"line":104},"10":{"name":"(anonymous_10)","decl":{"start":{"line":110,"column":2},"end":{"line":110,"column":3}},"loc":{"start":{"line":110,"column":23},"end":{"line":123,"column":3}},"line":110},"11":{"name":"(anonymous_11)","decl":{"start":{"line":111,"column":34},"end":{"line":111,"column":35}},"loc":{"start":{"line":111,"column":52},"end":{"line":122,"column":5}},"line":111},"12":{"name":"(anonymous_12)","decl":{"start":{"line":125,"column":2},"end":{"line":125,"column":3}},"loc":{"start":{"line":125,"column":11},"end":{"line":156,"column":3}},"line":125},"13":{"name":"(anonymous_13)","decl":{"start":{"line":126,"column":42},"end":{"line":126,"column":43}},"loc":{"start":{"line":127,"column":6},"end":{"line":129,"column":11}},"line":127},"14":{"name":"(anonymous_14)","decl":{"start":{"line":132,"column":43},"end":{"line":132,"column":44}},"loc":{"start":{"line":132,"column":63},"end":{"line":140,"column":5}},"line":132},"15":{"name":"(anonymous_15)","decl":{"start":{"line":135,"column":26},"end":{"line":135,"column":27}},"loc":{"start":{"line":136,"column":12},"end":{"line":136,"column":79}},"line":136}},"branchMap":{"0":{"loc":{"start":{"line":53,"column":4},"end":{"line":75,"column":5}},"type":"if","locations":[{"start":{"line":53,"column":4},"end":{"line":75,"column":5}},{"start":{"line":53,"column":4},"end":{"line":75,"column":5}}],"line":53},"1":{"loc":{"start":{"line":79,"column":4},"end":{"line":85,"column":5}},"type":"if","locations":[{"start":{"line":79,"column":4},"end":{"line":85,"column":5}},{"start":{"line":79,"column":4},"end":{"line":85,"column":5}}],"line":79},"2":{"loc":{"start":{"line":97,"column":4},"end":{"line":107,"column":5}},"type":"if","locations":[{"start":{"line":97,"column":4},"end":{"line":107,"column":5}},{"start":{"line":97,"column":4},"end":{"line":107,"column":5}}],"line":97}},"s":{"0":0,"1":0,"2":0,"3":0,"4":0,"5":0,"6":0,"7":0,"8":0,"9":0,"10":0,"11":0,"12":0,"13":0,"14":0,"15":0,"16":0,"17":0,"18":0,"19":0,"20":0,"21":0,"22":0,"23":0,"24":0,"25":0,"26":0,"27":0,"28":1},"f":{"0":0,"1":0,"2":0,"3":0,"4":0,"5":0,"6":0,"7":0,"8":0,"9":0,"10":0,"11":0,"12":0,"13":0,"14":0,"15":0},"b":{"0":[0,0],"1":[0,0],"2":[0,0]},"_coverageSchema":"332fd63041d2c1bcb487cc26dd0d5f7d97098a6c","hash":"f2d4a9e15c42efd4017977e327a6d21dc36d23d2"}
,"/Users/sarahfarnsworth-kumli/Desktop/cams/cams-app-client/src/Timer.js": {"path":"/Users/sarahfarnsworth-kumli/Desktop/cams/cams-app-client/src/Timer.js","statementMap":{"0":{"start":{"line":4,"column":14},"end":{"line":10,"column":1}},"1":{"start":{"line":5,"column":2},"end":{"line":9,"column":8}},"2":{"start":{"line":12,"column":0},"end":{"line":14,"column":2}}},"fnMap":{"0":{"name":"(anonymous_0)","decl":{"start":{"line":4,"column":14},"end":{"line":4,"column":15}},"loc":{"start":{"line":5,"column":2},"end":{"line":9,"column":8}},"line":5}},"branchMap":{},"s":{"0":1,"1":1,"2":1},"f":{"0":1},"b":{},"_coverageSchema":"332fd63041d2c1bcb487cc26dd0d5f7d97098a6c","hash":"3463f091b2af2ddcec9d1f196c690feeed558233"}
,"/Users/sarahfarnsworth-kumli/Desktop/cams/cams-app-client/src/TimerWrapper.js": {"path":"/Users/sarahfarnsworth-kumli/Desktop/cams/cams-app-client/src/TimerWrapper.js","statementMap":{"0":{"start":{"line":7,"column":4},"end":{"line":7,"column":17}},"1":{"start":{"line":8,"column":4},"end":{"line":11,"column":6}},"2":{"start":{"line":15,"column":4},"end":{"line":15,"column":24}},"3":{"start":{"line":16,"column":18},"end":{"line":16,"column":54}},"4":{"start":{"line":16,"column":36},"end":{"line":16,"column":47}},"5":{"start":{"line":17,"column":4},"end":{"line":17,"column":31}},"6":{"start":{"line":21,"column":4},"end":{"line":28,"column":5}},"7":{"start":{"line":22,"column":6},"end":{"line":24,"column":9}},"8":{"start":{"line":26,"column":6},"end":{"line":26,"column":26}},"9":{"start":{"line":27,"column":6},"end":{"line":27,"column":39}},"10":{"start":{"line":31,"column":4},"end":{"line":36,"column":6}},"11":{"start":{"line":40,"column":0},"end":{"line":42,"column":2}}},"fnMap":{"0":{"name":"(anonymous_0)","decl":{"start":{"line":6,"column":2},"end":{"line":6,"column":3}},"loc":{"start":{"line":6,"column":21},"end":{"line":12,"column":3}},"line":6},"1":{"name":"(anonymous_1)","decl":{"start":{"line":14,"column":2},"end":{"line":14,"column":3}},"loc":{"start":{"line":14,"column":22},"end":{"line":18,"column":3}},"line":14},"2":{"name":"(anonymous_2)","decl":{"start":{"line":16,"column":30},"end":{"line":16,"column":31}},"loc":{"start":{"line":16,"column":36},"end":{"line":16,"column":47}},"line":16},"3":{"name":"(anonymous_3)","decl":{"start":{"line":20,"column":2},"end":{"line":20,"column":3}},"loc":{"start":{"line":20,"column":9},"end":{"line":29,"column":3}},"line":20},"4":{"name":"(anonymous_4)","decl":{"start":{"line":30,"column":2},"end":{"line":30,"column":3}},"loc":{"start":{"line":30,"column":11},"end":{"line":37,"column":3}},"line":30}},"branchMap":{"0":{"loc":{"start":{"line":21,"column":4},"end":{"line":28,"column":5}},"type":"if","locations":[{"start":{"line":21,"column":4},"end":{"line":28,"column":5}},{"start":{"line":21,"column":4},"end":{"line":28,"column":5}}],"line":21}},"s":{"0":0,"1":0,"2":0,"3":0,"4":0,"5":0,"6":0,"7":0,"8":0,"9":0,"10":0,"11":1},"f":{"0":0,"1":0,"2":0,"3":0,"4":0},"b":{"0":[0,0]},"_coverageSchema":"332fd63041d2c1bcb487cc26dd0d5f7d97098a6c","hash":"539bd682ab1d22c9b03ae00b50c43402e4e5dceb"}
,"/Users/sarahfarnsworth-kumli/Desktop/cams/cams-app-client/src/VideoPlayer.js": {"path":"/Users/sarahfarnsworth-kumli/Desktop/cams/cams-app-client/src/VideoPlayer.js","statementMap":{"0":{"start":{"line":7,"column":4},"end":{"line":7,"column":17}},"1":{"start":{"line":8,"column":4},"end":{"line":8,"column":41}},"2":{"start":{"line":13,"column":4},"end":{"line":13,"column":25}},"3":{"start":{"line":17,"column":4},"end":{"line":17,"column":25}},"4":{"start":{"line":18,"column":4},"end":{"line":18,"column":24}},"5":{"start":{"line":22,"column":4},"end":{"line":22,"column":24}},"6":{"start":{"line":26,"column":17},"end":{"line":35,"column":5}},"7":{"start":{"line":36,"column":4},"end":{"line":48,"column":6}},"8":{"start":{"line":52,"column":0},"end":{"line":55,"column":2}}},"fnMap":{"0":{"name":"(anonymous_0)","decl":{"start":{"line":6,"column":2},"end":{"line":6,"column":3}},"loc":{"start":{"line":6,"column":21},"end":{"line":9,"column":3}},"line":6},"1":{"name":"(anonymous_1)","decl":{"start":{"line":11,"column":2},"end":{"line":11,"column":3}},"loc":{"start":{"line":11,"column":14},"end":{"line":14,"column":3}},"line":11},"2":{"name":"(anonymous_2)","decl":{"start":{"line":16,"column":2},"end":{"line":16,"column":3}},"loc":{"start":{"line":16,"column":12},"end":{"line":19,"column":3}},"line":16},"3":{"name":"(anonymous_3)","decl":{"start":{"line":21,"column":2},"end":{"line":21,"column":3}},"loc":{"start":{"line":21,"column":22},"end":{"line":23,"column":3}},"line":21},"4":{"name":"(anonymous_4)","decl":{"start":{"line":25,"column":2},"end":{"line":25,"column":3}},"loc":{"start":{"line":25,"column":11},"end":{"line":49,"column":3}},"line":25}},"branchMap":{},"s":{"0":0,"1":0,"2":0,"3":0,"4":0,"5":0,"6":0,"7":0,"8":1},"f":{"0":0,"1":0,"2":0,"3":0,"4":0},"b":{},"_coverageSchema":"332fd63041d2c1bcb487cc26dd0d5f7d97098a6c","hash":"2f7200e86d2a1a9115f84461a6bf9be3f3c58299"}
,"/Users/sarahfarnsworth-kumli/Desktop/cams/cams-app-client/src/VideoViewer.js": {"path":"/Users/sarahfarnsworth-kumli/Desktop/cams/cams-app-client/src/VideoViewer.js","statementMap":{"0":{"start":{"line":4,"column":20},"end":{"line":14,"column":1}},"1":{"start":{"line":5,"column":2},"end":{"line":13,"column":8}},"2":{"start":{"line":16,"column":0},"end":{"line":18,"column":2}}},"fnMap":{"0":{"name":"(anonymous_0)","decl":{"start":{"line":4,"column":20},"end":{"line":4,"column":21}},"loc":{"start":{"line":5,"column":2},"end":{"line":13,"column":8}},"line":5}},"branchMap":{},"s":{"0":1,"1":0,"2":1},"f":{"0":0},"b":{},"_coverageSchema":"332fd63041d2c1bcb487cc26dd0d5f7d97098a6c","hash":"82fa712b5ef0e6362569a91bb4f658e6e82ce3a7"}
,"/Users/sarahfarnsworth-kumli/Desktop/cams/cams-app-client/src/helpers.js": {"path":"/Users/sarahfarnsworth-kumli/Desktop/cams/cams-app-client/src/helpers.js","statementMap":{"0":{"start":{"line":2,"column":2},"end":{"line":2,"column":61}},"1":{"start":{"line":4,"column":33},"end":{"line":10,"column":1}},"2":{"start":{"line":5,"column":14},"end":{"line":5,"column":43}},"3":{"start":{"line":6,"column":2},"end":{"line":6,"column":27}},"4":{"start":{"line":6,"column":14},"end":{"line":6,"column":27}},"5":{"start":{"line":7,"column":16},"end":{"line":8,"column":7}},"6":{"start":{"line":9,"column":2},"end":{"line":9,"column":30}},"7":{"start":{"line":12,"column":22},"end":{"line":13,"column":66}},"8":{"start":{"line":13,"column":2},"end":{"line":13,"column":66}},"9":{"start":{"line":15,"column":22},"end":{"line":21,"column":2}},"10":{"start":{"line":15,"column":29},"end":{"line":21,"column":1}},"11":{"start":{"line":23,"column":29},"end":{"line":141,"column":1}},"12":{"start":{"line":25,"column":4},"end":{"line":25,"column":79}},"13":{"start":{"line":26,"column":4},"end":{"line":29,"column":27}},"14":{"start":{"line":30,"column":4},"end":{"line":30,"column":64}},"15":{"start":{"line":33,"column":4},"end":{"line":41,"column":5}},"16":{"start":{"line":34,"column":23},"end":{"line":34,"column":37}},"17":{"start":{"line":35,"column":21},"end":{"line":35,"column":33}},"18":{"start":{"line":36,"column":6},"end":{"line":36,"column":75}},"19":{"start":{"line":37,"column":6},"end":{"line":40,"column":51}},"20":{"start":{"line":38,"column":8},"end":{"line":39,"column":34}},"21":{"start":{"line":39,"column":10},"end":{"line":39,"column":34}},"22":{"start":{"line":40,"column":13},"end":{"line":40,"column":51}},"23":{"start":{"line":40,"column":27},"end":{"line":40,"column":51}},"24":{"start":{"line":44,"column":16},"end":{"line":44,"column":60}},"25":{"start":{"line":45,"column":4},"end":{"line":45,"column":29}},"26":{"start":{"line":45,"column":22},"end":{"line":45,"column":29}},"27":{"start":{"line":46,"column":4},"end":{"line":48,"column":6}}},"fnMap":{"0":{"name":"(anonymous_0)","decl":{"start":{"line":4,"column":33},"end":{"line":4,"column":34}},"loc":{"start":{"line":4,"column":43},"end":{"line":10,"column":1}},"line":4},"1":{"name":"(anonymous_1)","decl":{"start":{"line":12,"column":22},"end":{"line":12,"column":23}},"loc":{"start":{"line":13,"column":2},"end":{"line":13,"column":66}},"line":13},"2":{"name":"(anonymous_2)","decl":{"start":{"line":15,"column":22},"end":{"line":15,"column":23}},"loc":{"start":{"line":15,"column":29},"end":{"line":21,"column":1}},"line":15},"3":{"name":"(anonymous_3)","decl":{"start":{"line":24,"column":8},"end":{"line":24,"column":9}},"loc":{"start":{"line":24,"column":19},"end":{"line":31,"column":3}},"line":24},"4":{"name":"(anonymous_4)","decl":{"start":{"line":32,"column":16},"end":{"line":32,"column":17}},"loc":{"start":{"line":32,"column":31},"end":{"line":42,"column":3}},"line":32},"5":{"name":"(anonymous_5)","decl":{"start":{"line":43,"column":17},"end":{"line":43,"column":18}},"loc":{"start":{"line":43,"column":38},"end":{"line":49,"column":3}},"line":43}},"branchMap":{"0":{"loc":{"start":{"line":2,"column":2},"end":{"line":2,"column":61}},"type":"binary-expr","locations":[{"start":{"line":2,"column":2},"end":{"line":2,"column":34}},{"start":{"line":2,"column":38},"end":{"line":2,"column":61}}],"line":2},"1":{"loc":{"start":{"line":6,"column":2},"end":{"line":6,"column":27}},"type":"if","locations":[{"start":{"line":6,"column":2},"end":{"line":6,"column":27}},{"start":{"line":6,"column":2},"end":{"line":6,"column":27}}],"line":6},"2":{"loc":{"start":{"line":25,"column":19},"end":{"line":25,"column":78}},"type":"binary-expr","locations":[{"start":{"line":25,"column":19},"end":{"line":25,"column":54}},{"start":{"line":25,"column":58},"end":{"line":25,"column":78}}],"line":25},"3":{"loc":{"start":{"line":27,"column":6},"end":{"line":29,"column":26}},"type":"binary-expr","locations":[{"start":{"line":27,"column":6},"end":{"line":27,"column":45}},{"start":{"line":28,"column":6},"end":{"line":28,"column":46}},{"start":{"line":29,"column":6},"end":{"line":29,"column":26}}],"line":27},"4":{"loc":{"start":{"line":30,"column":14},"end":{"line":30,"column":63}},"type":"binary-expr","locations":[{"start":{"line":30,"column":14},"end":{"line":30,"column":44}},{"start":{"line":30,"column":48},"end":{"line":30,"column":63}}],"line":30},"5":{"loc":{"start":{"line":36,"column":33},"end":{"line":36,"column":74}},"type":"binary-expr","locations":[{"start":{"line":36,"column":33},"end":{"line":36,"column":54}},{"start":{"line":36,"column":58},"end":{"line":36,"column":74}}],"line":36},"6":{"loc":{"start":{"line":37,"column":6},"end":{"line":40,"column":51}},"type":"if","locations":[{"start":{"line":37,"column":6},"end":{"line":40,"column":51}},{"start":{"line":37,"column":6},"end":{"line":40,"column":51}}],"line":37},"7":{"loc":{"start":{"line":38,"column":8},"end":{"line":39,"column":34}},"type":"if","locations":[{"start":{"line":38,"column":8},"end":{"line":39,"column":34}},{"start":{"line":38,"column":8},"end":{"line":39,"column":34}}],"line":38},"8":{"loc":{"start":{"line":40,"column":13},"end":{"line":40,"column":51}},"type":"if","locations":[{"start":{"line":40,"column":13},"end":{"line":40,"column":51}},{"start":{"line":40,"column":13},"end":{"line":40,"column":51}}],"line":40},"9":{"loc":{"start":{"line":45,"column":4},"end":{"line":45,"column":29}},"type":"if","locations":[{"start":{"line":45,"column":4},"end":{"line":45,"column":29}},{"start":{"line":45,"column":4},"end":{"line":45,"column":29}}],"line":45}},"s":{"0":1,"1":1,"2":0,"3":0,"4":0,"5":0,"6":0,"7":1,"8":0,"9":1,"10":0,"11":1,"12":0,"13":0,"14":0,"15":0,"16":0,"17":0,"18":0,"19":0,"20":0,"21":0,"22":0,"23":0,"24":0,"25":0,"26":0,"27":0},"f":{"0":0,"1":0,"2":0,"3":0,"4":0,"5":0},"b":{"0":[1,1],"1":[0,0],"2":[0,0],"3":[0,0,0],"4":[0,0],"5":[0,0],"6":[0,0],"7":[0,0],"8":[0,0],"9":[0,0]},"_coverageSchema":"332fd63041d2c1bcb487cc26dd0d5f7d97098a6c","hash":"b4d25359d4473f3eb2586b8306f938118196193d"}
,"/Users/sarahfarnsworth-kumli/Desktop/cams/cams-app-client/src/index.js": {"path":"/Users/sarahfarnsworth-kumli/Desktop/cams/cams-app-client/src/index.js","statementMap":{"0":{"start":{"line":1,"column":58},"end":{"line":1,"column":130}}},"fnMap":{},"branchMap":{},"s":{"0":0},"f":{},"b":{}}
,"/Users/sarahfarnsworth-kumli/Desktop/cams/cams-app-client/src/horizontal-timeline/EventLine.js": {"path":"/Users/sarahfarnsworth-kumli/Desktop/cams/cams-app-client/src/horizontal-timeline/EventLine.js","statementMap":{"0":{"start":{"line":5,"column":18},"end":{"line":27,"column":1}},"1":{"start":{"line":6,"column":2},"end":{"line":26,"column":11}},"2":{"start":{"line":13,"column":6},"end":{"line":24,"column":8}},"3":{"start":{"line":29,"column":0},"end":{"line":32,"column":2}}},"fnMap":{"0":{"name":"(anonymous_0)","decl":{"start":{"line":5,"column":18},"end":{"line":5,"column":19}},"loc":{"start":{"line":6,"column":2},"end":{"line":26,"column":11}},"line":6},"1":{"name":"(anonymous_1)","decl":{"start":{"line":12,"column":5},"end":{"line":12,"column":6}},"loc":{"start":{"line":13,"column":6},"end":{"line":24,"column":8}},"line":13}},"branchMap":{},"s":{"0":1,"1":0,"2":0,"3":1},"f":{"0":0,"1":0},"b":{},"_coverageSchema":"332fd63041d2c1bcb487cc26dd0d5f7d97098a6c","hash":"9aa6aae4bc67a8f618b7c9976d9d1bc7ca365d88"}
,"/Users/sarahfarnsworth-kumli/Desktop/cams/cams-app-client/src/horizontal-timeline/Events.js": {"path":"/Users/sarahfarnsworth-kumli/Desktop/cams/cams-app-client/src/horizontal-timeline/Events.js","statementMap":{"0":{"start":{"line":5,"column":15},"end":{"line":29,"column":1}},"1":{"start":{"line":12,"column":2},"end":{"line":28,"column":7}},"2":{"start":{"line":19,"column":6},"end":{"line":26,"column":8}},"3":{"start":{"line":31,"column":0},"end":{"line":37,"column":2}}},"fnMap":{"0":{"name":"(anonymous_0)","decl":{"start":{"line":5,"column":15},"end":{"line":5,"column":16}},"loc":{"start":{"line":12,"column":2},"end":{"line":28,"column":7}},"line":12},"1":{"name":"(anonymous_1)","decl":{"start":{"line":18,"column":16},"end":{"line":18,"column":17}},"loc":{"start":{"line":19,"column":6},"end":{"line":26,"column":8}},"line":19}},"branchMap":{},"s":{"0":1,"1":0,"2":0,"3":1},"f":{"0":0,"1":0},"b":{},"_coverageSchema":"332fd63041d2c1bcb487cc26dd0d5f7d97098a6c","hash":"04b4d9db13c9e57fc625ac0036490bfb36d05c3a"}
,"/Users/sarahfarnsworth-kumli/Desktop/cams/cams-app-client/src/horizontal-timeline/EventsBar.js": {"path":"/Users/sarahfarnsworth-kumli/Desktop/cams/cams-app-client/src/horizontal-timeline/EventsBar.js","statementMap":{"0":{"start":{"line":10,"column":4},"end":{"line":10,"column":17}},"1":{"start":{"line":11,"column":4},"end":{"line":13,"column":6}},"2":{"start":{"line":14,"column":4},"end":{"line":14,"column":57}},"3":{"start":{"line":18,"column":4},"end":{"line":18,"column":67}},"4":{"start":{"line":22,"column":26},"end":{"line":22,"column":61}},"5":{"start":{"line":23,"column":4},"end":{"line":27,"column":5}},"6":{"start":{"line":24,"column":6},"end":{"line":26,"column":9}},"7":{"start":{"line":31,"column":4},"end":{"line":33,"column":5}},"8":{"start":{"line":32,"column":6},"end":{"line":32,"column":40}},"9":{"start":{"line":46,"column":8},"end":{"line":46,"column":18}},"10":{"start":{"line":47,"column":24},"end":{"line":47,"column":63}},"11":{"start":{"line":48,"column":27},"end":{"line":48,"column":72}},"12":{"start":{"line":49,"column":24},"end":{"line":53,"column":5}},"13":{"start":{"line":54,"column":24},"end":{"line":58,"column":5}},"14":{"start":{"line":60,"column":4},"end":{"line":102,"column":6}},"15":{"start":{"line":78,"column":14},"end":{"line":97,"column":20}},"16":{"start":{"line":106,"column":0},"end":{"line":126,"column":2}}},"fnMap":{"0":{"name":"(anonymous_0)","decl":{"start":{"line":9,"column":2},"end":{"line":9,"column":3}},"loc":{"start":{"line":9,"column":21},"end":{"line":15,"column":3}},"line":9},"1":{"name":"(anonymous_1)","decl":{"start":{"line":17,"column":2},"end":{"line":17,"column":3}},"loc":{"start":{"line":17,"column":23},"end":{"line":19,"column":3}},"line":17},"2":{"name":"(anonymous_2)","decl":{"start":{"line":21,"column":2},"end":{"line":21,"column":3}},"loc":{"start":{"line":21,"column":30},"end":{"line":28,"column":3}},"line":21},"3":{"name":"(anonymous_3)","decl":{"start":{"line":30,"column":2},"end":{"line":30,"column":3}},"loc":{"start":{"line":30,"column":24},"end":{"line":34,"column":3}},"line":30},"4":{"name":"(anonymous_4)","decl":{"start":{"line":36,"column":2},"end":{"line":36,"column":3}},"loc":{"start":{"line":36,"column":11},"end":{"line":103,"column":3}},"line":36},"5":{"name":"(anonymous_5)","decl":{"start":{"line":77,"column":13},"end":{"line":77,"column":14}},"loc":{"start":{"line":78,"column":14},"end":{"line":97,"column":20}},"line":78}},"branchMap":{"0":{"loc":{"start":{"line":23,"column":4},"end":{"line":27,"column":5}},"type":"if","locations":[{"start":{"line":23,"column":4},"end":{"line":27,"column":5}},{"start":{"line":23,"column":4},"end":{"line":27,"column":5}}],"line":23},"1":{"loc":{"start":{"line":31,"column":4},"end":{"line":33,"column":5}},"type":"if","locations":[{"start":{"line":31,"column":4},"end":{"line":33,"column":5}},{"start":{"line":31,"column":4},"end":{"line":33,"column":5}}],"line":31},"2":{"loc":{"start":{"line":31,"column":8},"end":{"line":31,"column":58}},"type":"binary-expr","locations":[{"start":{"line":31,"column":8},"end":{"line":31,"column":28}},{"start":{"line":31,"column":32},"end":{"line":31,"column":58}}],"line":31}},"s":{"0":0,"1":0,"2":0,"3":0,"4":0,"5":0,"6":0,"7":0,"8":0,"9":0,"10":0,"11":0,"12":0,"13":0,"14":0,"15":0,"16":1},"f":{"0":0,"1":0,"2":0,"3":0,"4":0,"5":0},"b":{"0":[0,0],"1":[0,0],"2":[0,0]},"_coverageSchema":"332fd63041d2c1bcb487cc26dd0d5f7d97098a6c","hash":"77c67d5a7622b6cbaf59500760b3575b02828297"}
,"/Users/sarahfarnsworth-kumli/Desktop/cams/cams-app-client/src/horizontal-timeline/HorizontalTimeline.js": {"path":"/Users/sarahfarnsworth-kumli/Desktop/cams/cams-app-client/src/horizontal-timeline/HorizontalTimeline.js","statementMap":{"0":{"start":{"line":19,"column":8},"end":{"line":19,"column":18}},"1":{"start":{"line":21,"column":4},"end":{"line":23,"column":5}},"2":{"start":{"line":22,"column":6},"end":{"line":22,"column":19}},"3":{"start":{"line":25,"column":19},"end":{"line":25,"column":30}},"4":{"start":{"line":27,"column":19},"end":{"line":27,"column":21}},"5":{"start":{"line":28,"column":4},"end":{"line":31,"column":5}},"6":{"start":{"line":29,"column":6},"end":{"line":29,"column":38}},"7":{"start":{"line":30,"column":6},"end":{"line":30,"column":41}},"8":{"start":{"line":33,"column":23},"end":{"line":36,"column":5}},"9":{"start":{"line":38,"column":26},"end":{"line":38,"column":27}},"10":{"start":{"line":39,"column":25},"end":{"line":39,"column":26}},"11":{"start":{"line":41,"column":4},"end":{"line":55,"column":6}},"12":{"start":{"line":59,"column":0},"end":{"line":72,"column":2}},"13":{"start":{"line":74,"column":0},"end":{"line":94,"column":2}}},"fnMap":{"0":{"name":"(anonymous_0)","decl":{"start":{"line":6,"column":2},"end":{"line":6,"column":3}},"loc":{"start":{"line":6,"column":11},"end":{"line":56,"column":3}},"line":6}},"branchMap":{"0":{"loc":{"start":{"line":21,"column":4},"end":{"line":23,"column":5}},"type":"if","locations":[{"start":{"line":21,"column":4},"end":{"line":23,"column":5}},{"start":{"line":21,"column":4},"end":{"line":23,"column":5}}],"line":21}},"s":{"0":0,"1":0,"2":0,"3":0,"4":0,"5":0,"6":0,"7":0,"8":0,"9":0,"10":0,"11":0,"12":1,"13":1},"f":{"0":0},"b":{"0":[0,0]},"_coverageSchema":"332fd63041d2c1bcb487cc26dd0d5f7d97098a6c","hash":"c444a0cec18e601775e397278d322c95c6b04a2b"}
,"/Users/sarahfarnsworth-kumli/Desktop/cams/cams-app-client/src/horizontal-timeline/Timeline.js": {"path":"/Users/sarahfarnsworth-kumli/Desktop/cams/cams-app-client/src/horizontal-timeline/Timeline.js","statementMap":{"0":{"start":{"line":7,"column":4},"end":{"line":7,"column":17}},"1":{"start":{"line":8,"column":4},"end":{"line":8,"column":30}},"2":{"start":{"line":12,"column":4},"end":{"line":28,"column":6}},"3":{"start":{"line":16,"column":12},"end":{"line":16,"column":59}},"4":{"start":{"line":32,"column":0},"end":{"line":35,"column":2}}},"fnMap":{"0":{"name":"(anonymous_0)","decl":{"start":{"line":6,"column":2},"end":{"line":6,"column":3}},"loc":{"start":{"line":6,"column":21},"end":{"line":9,"column":3}},"line":6},"1":{"name":"(anonymous_1)","decl":{"start":{"line":11,"column":2},"end":{"line":11,"column":3}},"loc":{"start":{"line":11,"column":11},"end":{"line":29,"column":3}},"line":11},"2":{"name":"(anonymous_2)","decl":{"start":{"line":15,"column":25},"end":{"line":15,"column":26}},"loc":{"start":{"line":15,"column":31},"end":{"line":17,"column":11}},"line":15}},"branchMap":{},"s":{"0":0,"1":0,"2":0,"3":0,"4":1},"f":{"0":0,"1":0,"2":0},"b":{},"_coverageSchema":"332fd63041d2c1bcb487cc26dd0d5f7d97098a6c","hash":"82e81df108eee497767e5db8be3dfd410958c025"}
,"/Users/sarahfarnsworth-kumli/Desktop/cams/cams-app-client/src/horizontal-timeline/TimelineDot.js": {"path":"/Users/sarahfarnsworth-kumli/Desktop/cams/cams-app-client/src/horizontal-timeline/TimelineDot.js","statementMap":{"0":{"start":{"line":5,"column":13},"end":{"line":30,"column":1}},"1":{"start":{"line":16,"column":21},"end":{"line":19,"column":3}},"2":{"start":{"line":21,"column":19},"end":{"line":24,"column":3}},"3":{"start":{"line":26,"column":22},"end":{"line":29,"column":3}},"4":{"start":{"line":34,"column":4},"end":{"line":38,"column":6}},"5":{"start":{"line":42,"column":18},"end":{"line":42,"column":26}},"6":{"start":{"line":43,"column":4},"end":{"line":47,"column":5}},"7":{"start":{"line":44,"column":6},"end":{"line":44,"column":23}},"8":{"start":{"line":45,"column":11},"end":{"line":47,"column":5}},"9":{"start":{"line":46,"column":6},"end":{"line":46,"column":26}},"10":{"start":{"line":49,"column":4},"end":{"line":60,"column":6}},"11":{"start":{"line":64,"column":0},"end":{"line":70,"column":2}}},"fnMap":{"0":{"name":"(anonymous_0)","decl":{"start":{"line":16,"column":10},"end":{"line":16,"column":11}},"loc":{"start":{"line":16,"column":21},"end":{"line":19,"column":3}},"line":16},"1":{"name":"(anonymous_1)","decl":{"start":{"line":21,"column":8},"end":{"line":21,"column":9}},"loc":{"start":{"line":21,"column":19},"end":{"line":24,"column":3}},"line":21},"2":{"name":"(anonymous_2)","decl":{"start":{"line":26,"column":11},"end":{"line":26,"column":12}},"loc":{"start":{"line":26,"column":22},"end":{"line":29,"column":3}},"line":26},"3":{"name":"(anonymous_3)","decl":{"start":{"line":33,"column":21},"end":{"line":33,"column":22}},"loc":{"start":{"line":33,"column":39},"end":{"line":39,"column":3}},"line":33},"4":{"name":"(anonymous_4)","decl":{"start":{"line":41,"column":2},"end":{"line":41,"column":3}},"loc":{"start":{"line":41,"column":11},"end":{"line":61,"column":3}},"line":41}},"branchMap":{"0":{"loc":{"start":{"line":43,"column":4},"end":{"line":47,"column":5}},"type":"if","locations":[{"start":{"line":43,"column":4},"end":{"line":47,"column":5}},{"start":{"line":43,"column":4},"end":{"line":47,"column":5}}],"line":43},"1":{"loc":{"start":{"line":45,"column":11},"end":{"line":47,"column":5}},"type":"if","locations":[{"start":{"line":45,"column":11},"end":{"line":47,"column":5}},{"start":{"line":45,"column":11},"end":{"line":47,"column":5}}],"line":45}},"s":{"0":1,"1":0,"2":0,"3":0,"4":0,"5":0,"6":0,"7":0,"8":0,"9":0,"10":0,"11":1},"f":{"0":0,"1":0,"2":0,"3":0,"4":0},"b":{"0":[0,0],"1":[0,0]},"_coverageSchema":"332fd63041d2c1bcb487cc26dd0d5f7d97098a6c","hash":"9895d2550b9c052a554b59c5ef2d1ee2a3594e72"}
}
